[backblue.gif]
[fade.gif]
[index.html]
[mdc.17173.com/index.html]
[mdc.17173.com/static/favicon.ico]
[mdc.17173.com/static/images/index-wuxi.jpg]
[mdc.17173.com/static/images/about-bio.jpg]
[mdc.17173.com/static/images/pic-niantic.png]
[mdc.17173.com/static/css/style-v2.css]
[mdc.17173.com/static/images/pic-17173.png]
[js.17173.com/ping.js]
[log.17173.com/ping.gif]
[mdc.17173.com/static/images/body-v2.png]
[mdc.17173.com/static/images/wrap-v2.png]
[mdc.17173.com/static/images/head-v2.png]
[mdc.17173.com/oldAct.html]
[mdc.17173.com/static/images/ico-v2.png]
[mdc.17173.com/static/images/about-ingress-v2.png]
[mdc.17173.com/static/images/about-md-v2.png]
[mdc.17173.com/static/images/index-bio.png]
[mdc.17173.com/static/images/box-v2.png]
[mdc.17173.com/static/images/card-v2.png]
[mdc.17173.com/static/images/card-v2-ie6.png]
[mdc.17173.com/static/images/ico2-v2.png]
[mdc.17173.com/wuxi2018.html]
[mdc.17173.com/static/images/apply-v2.png]
[mdc.17173.com/static/images/map.png]
[mdc.17173.com/static/images/old-city-wuxi.png]
[mdc.17173.com/static/images/old-city-xiamen.png]
[mdc.17173.com/static/images/old-city-fuzhou.png]
[mdc.17173.com/futureAct.html]
[mdc.17173.com/static/images/old-city-chongqing.png]
[mdc.17173.com/static/images/old-city-chengdu.png]
[mdc.17173.com/static/images/old-city-suzhou.png]
[mdc.17173.com/static/images/old-city-dalian.png]
[mdc.17173.com/bio/wuxi2018.html]
[mdc.17173.com/static/images/old-city-jinan.png]
[mdc.17173.com/static/images/old-city-hangzhou.jpg]
[mdc.17173.com/static/images/old-city-shenzhen.jpg]
[mdc.17173.com/static/images/old-city-beijing.jpg]
[mdc.17173.com/static/js/jquery-1.8.3.min.js]
[mdc.17173.com/static/images/old-city-guangzhou.jpg]
[mdc.17173.com/static/images/old-city-shanghai.jpg]
[mdc.17173.com/static/images/old-city-nanjing.jpg]
[mdc.17173.com/static/js/utils.js]
[mdc.17173.com/xiamen2017.html]
[i1.17173cdn.com/7m10xk/YWxqaGBf/2018/02/28/151981023482705.jpg]
[mdc.17173.com/fuzhou2017.html]
[mdc.17173.com/static/images/side_01.jpg]
[mdc.17173.com/static/images/link-niantic.png]
[mdc.17173.com/static/images/link-17173.png]
[mdc.17173.com/chongqing2017.html]
[mdc.17173.com/chengdu2017.html]
[mdc.17173.com/suzhou2017.html]
[i3.17173cdn.com/7m10xk/YWxqaGBf/2017/08/21/150329082845194.jpg]
[mdc.17173.com/dalian2017.html]
[i1.17173cdn.com/7m10xk/YWxqaGBf/2017/10/11/150771153336490.jpg]
[i2.17173cdn.com/7m10xk/YWxqaGBf/2017/10/11/150771153330713.jpg]
[mdc.17173.com/jinan2017.html]
[i2.17173cdn.com/7m10xk/YWxqaGBf/2017/07/17/150028399130903.jpg]
[i2.17173cdn.com/7m10xk/YWxqaGBf/2017/10/25/150892948030190.jpg]
[i1.17173cdn.com/7m10xk/YWxqaGBf/2017/11/20/151114338883568.jpg]
[mdc.17173.com/hangzhou2016.html]
[i2.17173cdn.com/7m10xk/YWxqaGBf/2017/12/05/151244050895414.jpg]
[i3.17173cdn.com/7m10xk/YWxqaGBf/2017/12/11/151298414620817.jpg]
[i3.17173cdn.com/7m10xk/YWxqaGBf/2017/12/06/151255716146604.jpg]
[mdc.17173.com/shenzhen2016.html]
[i1.17173cdn.com/7m10xk/YWxqaGBf/2017/12/25/151417179786510.jpg]
[i2.17173cdn.com/7m10xk/YWxqaGBf/2017/12/25/151417179791059.jpg]
[i2.17173cdn.com/7m10xk/YWxqaGBf/2017/12/10/151287127629812.jpg]
[mdc.17173.com/beijing2016.html]
[i3.17173cdn.com/7m10xk/YWxqaGBf/2017/03/21/149006873520255.jpg]
[mdc.17173.com/guangzhou2016.html]
[i3.17173cdn.com/7m10xk/YWxqaGBf/2017/03/21/149006386386636.jpg]
[i2.17173cdn.com/7m10xk/YWxqaGBf/2016/08/08/147064793057593.jpg]
[mdc.17173.com/shanghai2016.html]
[i1.17173cdn.com/7m10xk/YWxqaGBf/2017/06/01/149628670749938.jpg]
[mdc.17173.com/nanjing2016.html]
[i2.17173cdn.com/7m10xk/YWxqaGBf/2017/06/01/149628682952104.jpg]
[i2.17173cdn.com/7m10xk/YWxqaGBf/2017/06/01/149628697122157.jpg]
[i2.17173cdn.com/7m10xk/YWxqaGBf/2017/06/04/149657976740828.jpg]
[i2.17173cdn.com/7m10xk/YWxqaGBf/2017/06/03/149648241250545.jpg]
[i1.17173cdn.com/7m10xk/YWxqaGBf/2017/08/05/150190798677523.jpg]
[i3.17173cdn.com/7m10xk/YWxqaGBf/2017/08/05/150190798725609.jpg]
[mdc.17173.com/static/css/style_2.css]
[i1.17173cdn.com/7m10xk/YWxqaGBf/2017/06/15/149751523067251.jpg]
[i1.17173cdn.com/7m10xk/YWxqaGBf/2017/06/15/149751544969845.jpg]
[i1.17173cdn.com/7m10xk/YWxqaGBf/2017/06/01/149628697122157.jpg]
[mdc.17173.com/static/js/simply-alert/simply-toast.min.css]
[i2.17173cdn.com/7m10xk/YWxqaGBf/2017/07/10/149968420986976.jpg]
[mdc.17173.com/static/js/jquery.colorAnimations.js]
[i1.17173cdn.com/7m10xk/YWxqaGBf/2017/07/17/150028399130903.jpg]
[i1.17173cdn.com/7m10xk/YWxqaGBf/2017/07/17/150028250337472.jpg]
[mdc.17173.com/static/js/simply-alert/simply-toast.min.js]
[i2.17173cdn.com/7m10xk/YWxqaGBf/2017/08/02/150163669715563.jpg]
[i1.17173cdn.com/7m10xk/YWxqaGBf/2017/08/01/150157659533369.jpg]
[ue8.17173.itc.cn/a/lib/passport-2.0/passport.js]
[i1.17173cdn.com/7m10xk/YWxqaGBf/2017/08/04/150183800474641.jpg]
[i3.17173cdn.com/7m10xk/YWxqaGBf/2017/08/04/150183800448393.jpg]
[mdc.17173.com/static/js/login.js]
[i2.17173cdn.com/7m10xk/YWxqaGBf/2016/11/28/148030398440401.jpg]
[i3.17173cdn.com/7m10xk/YWxqaGBf/2016/11/28/148030462682330.jpg]
[i2.17173cdn.com/7m10xk/YWxqaGBf/2016/11/27/148025264535646.jpg]
[i3.17173cdn.com/7m10xk/YWxqaGBf/2016/11/29/148041391952811.jpg]
[mdc.17173.com/static/js/common.js]
[i3.17173cdn.com/7m10xk/YWxqaGBf/2016/12/06/148099200056894.jpg]
[i2.17173cdn.com/7m10xk/YWxqaGBf/2016/12/06/148099200064817.jpg]
[i2.17173cdn.com/7m10xk/YWxqaGBf/2016/11/28/148032919832329.jpg]
[mdc.17173.com/static/index.html]
[i1.17173cdn.com/7m10xk/YWxqaGBf/2016/12/08/148119919715455.jpg]
[i2.17173cdn.com/7m10xk/YWxqaGBf/2016/12/08/148120011587576.jpg]
[mdc.17173.com/article/info-6496.html]
[i1.17173cdn.com/7m10xk/YWxqaGBf/2016/12/01/148058697836105.jpg]
[i1.17173cdn.com/7m10xk/YWxqaGBf/2016/12/08/148120077861352.jpg]
[i2.17173cdn.com/7m10xk/YWxqaGBf/2016/12/08/148119886126369.jpg]
[mdc.17173.com/lists/wuxi20183994.html]
[i3.17173cdn.com/7m10xk/YWxqaGBf/2016/12/29/148298227683990.jpg]
[i1.17173cdn.com/7m10xk/YWxqaGBf/2016/12/29/148298227634294.jpg]
[i2.17173cdn.com/7m10xk/YWxqaGBf/2016/12/11/148143861534113.jpg]
[mdc.17173.com/lists/wuxi2018beca.html]
[i2.17173cdn.com/7m10xk/YWxqaGBf/2016/07/05/146771249275805.jpg]
[i3.17173cdn.com/7m10xk/YWxqaGBf/2016/07/05/146771245779933.jpg]
[i1.17173cdn.com/7m10xk/YWxqaGBf/2016/06/24/146676417776670.jpg]
[mdc.17173.com/lists/wuxi2018198f.html]
[i3.17173cdn.com/7m10xk/YWxqaGBf/2016/06/24/146676784416310.jpg]
[i1.17173cdn.com/7m10xk/YWxqaGBf/2016/12/06/148099204151103.jpg]
[mdc.17173.com/lists/wuxi2018fe29.html]
[i3.17173cdn.com/7m10xk/YWxqaGBf/2016/12/06/148099204129537.jpg]
[mdc.17173.com/article/info-6498.html]
[i1.17173cdn.com/7m10xk/YWxqaGBf/2016/07/21/146910048179320.jpg]
[i2.17173cdn.com/7m10xk/YWxqaGBf/2016/07/21/146909807457965.jpg]
[i1.17173cdn.com/7m10xk/YWxqaGBf/2016/07/08/146797647564141.jpg]
[i3.17173cdn.com/7m10xk/YWxqaGBf/2016/07/21/146908624468840.jpg]
[mdc.17173.com/89.html]
[i2.17173cdn.com/7m10xk/YWxqaGBf/2016/07/27/146960936838078.jpg]
[i1.17173cdn.com/7m10xk/YWxqaGBf/2016/12/06/148099197458296.jpg]
[mdc.17173.com/88.html]
[i2.17173cdn.com/7m10xk/YWxqaGBf/2016/12/06/148099197428066.jpg]
[mdc.17173.com/87.html]
[i3.17173cdn.com/7m10xk/YWxqaGBf/2016/08/22/147179764549785.jpg]
[i1.17173cdn.com/7m10xk/YWxqaGBf/2016/08/03/147015463574033.jpg]
[i3.17173cdn.com/7m10xk/YWxqaGBf/2016/08/02/147013817914983.jpg]
[i3.17173cdn.com/7m10xk/YWxqaGBf/2016/08/02/147013820515551.jpg]
[mdc.17173.com/86.html]
[i2.17173cdn.com/7m10xk/YWxqaGBf/2016/12/06/148099183871084.jpg]
[i2.17173cdn.com/7m10xk/YWxqaGBf/2016/12/06/148099183920938.jpg]
[mdc.17173.com/85.html]
[mdc.17173.com/work.html]
[i3.17173cdn.com/7m10xk/YWxqaGBf/2016/08/22/147185573177323.jpg]
[i3.17173cdn.com/7m10xk/YWxqaGBf/2016/08/22/147184644910078.jpg]
[i3.17173cdn.com/7m10xk/YWxqaGBf/2016/08/08/147064793057593.jpg]
[mdc.17173.com/static/js/page_2.js]
[i1.17173cdn.com/7m10xk/YWxqaGBf/2016/12/02/148065260222546.jpg]
[i1.17173cdn.com/7m10xk/YWxqaGBf/2016/12/02/148065260321804.jpg]
[mdc.17173.com/static/images/body.png]
[mdc.17173.com/static/images/body-beijing2016.jpg]
[mdc.17173.com/static/js/article.js]
[mdc.17173.com/static/images/body-detail-beijing2016.jpg]
[mdc.17173.com/static/images/body-guangzhou2016.jpg]
[mdc.17173.com/static/images/body-detail-guangzhou2016.jpg]
[mdc.17173.com/static/images/body-shanghai2016.jpg]
[mdc.17173.com/static/images/body-detail-shanghai2016.jpg]
[mdc.17173.com/static/images/body-nanjing2016.jpg]
[mdc.17173.com/static/images/body-detail-nanjing2016.jpg]
[mdc.17173.com/static/images/body-hangzhou2016.jpg]
[mdc.17173.com/请在这里写下您的想法.html]
[mdc.17173.com/static/images/body-detail-hangzhou2016.jpg]
[mdc.17173.com/static/images/body-shenzhen2016.jpg]
[mdc.17173.com/static/images/body-detail-shenzhen2016.jpg]
[mdc.17173.com/static/images/body-chengdu2017.jpg]
[mdc.17173.com/static/images/body-detail-chengdu2017.jpg]
[mdc.17173.com/static/images/body-suzhou2017.jpg]
[mdc.17173.com/static/images/body-detail-suzhou2017.jpg]
[mdc.17173.com/static/images/body-dalian2017.jpg]
[mdc.17173.com/电子邮箱.html]
[mdc.17173.com/static/images/body-detail-dalian2017.jpg]
[mdc.17173.com/static/images/body-jinan2017.jpg]
[mdc.17173.com/static/images/body-detail-jinan2017.jpg]
[mdc.17173.com/static/images/body-xiamen2017.jpg]
[mdc.17173.com/static/images/body-detail-xiamen2017.jpg]
[mdc.17173.com/static/images/body-fuzhou2017.jpg]
[mdc.17173.com/static/images/body-detail-fuzhou2017.jpg]
[mdc.17173.com/static/images/body-chongqing2017.jpg]
[mdc.17173.com/bio/chongqing2017.html]
[mdc.17173.com/static/images/body-detail-chongqing2017.jpg]
[mdc.17173.com/static/images/body-wuxi2018.jpg]
[mdc.17173.com/static/images/body-detail-wuxi2018.jpg]
[mdc.17173.com/static/images/ico.png]
[mdc.17173.com/static/images/side.png]
[mdc.17173.com/static/images/card2-v2.png]
[mdc.17173.com/static/images/card2-v2-ie6.png]
[mdc.17173.com/static/images/share.png]
[mdc.17173.com/bio/fuzhou2017.html]
[mdc.17173.com/static/images/comment.png]
[mdc.17173.com/static/images/loading-1.gif]
[i3.17173cdn.com/7m10xk/YWxqaGBf/2017/10/10/150762122085777.jpg]
[i3.17173cdn.com/7m10xk/YWxqaGBf/2017/10/10/150762122034307.jpg]
[i3.17173cdn.com/7m10xk/YWxqaGBf/2018/03/15/152109811953337.jpg]
[i1.17173cdn.com/7m10xk/YWxqaGBf/2018/03/15/152110161433777.png]
[i2.17173cdn.com/7m10xk/YWxqaGBf/2017/10/10/150762135849238.jpg]
[i1.17173cdn.com/7m10xk/YWxqaGBf/2017/12/25/151417300528914.jpg]
[i3.17173cdn.com/7m10xk/YWxqaGBf/2017/10/10/150762135930295.jpg]
[i2.17173cdn.com/7m10xk/YWxqaGBf/2017/12/25/151417300528638.jpg]
[i2.17173cdn.com/7m10xk/YWxqaGBf/2017/12/25/151417282390468.jpg]
[i1.17173cdn.com/7m10xk/YWxqaGBf/2017/12/25/151417282320771.jpg]
[i1.17173cdn.com/7m10xk/YWxqaGBf/2017/10/11/150771099596321.jpg]
[i1.17173cdn.com/7m10xk/YWxqaGBf/2017/12/25/151417199424226.jpg]
[i2.17173cdn.com/7m10xk/YWxqaGBf/2017/12/25/151417199421059.jpg]
[i3.17173cdn.com/7m10xk/YWxqaGBf/2017/10/11/150771099520906.jpg]
[i3.17173cdn.com/7m10xk/YWxqaGBf/2017/12/15/151330246735309.jpg]
[i1.17173cdn.com/7m10xk/YWxqaGBf/2017/12/15/151330246772495.jpg]
[i3.17173cdn.com/7m10xk/YWxqaGBf/2017/10/11/150771028665382.jpg]
[i1.17173cdn.com/7m10xk/YWxqaGBf/2017/10/11/150771028688607.jpg]
[i3.17173cdn.com/7m10xk/YWxqaGBf/2017/10/10/150762057573313.jpg]
[i3.17173cdn.com/7m10xk/YWxqaGBf/2017/10/10/150762057594869.jpg]
[i2.17173cdn.com/7m10xk/YWxqaGBf/2017/10/10/150762050683696.jpg]
[i1.17173cdn.com/7m10xk/YWxqaGBf/2017/10/10/150762089053130.jpg]
[i1.17173cdn.com/7m10xk/YWxqaGBf/2017/10/10/150762050633179.jpg]
[i3.17173cdn.com/7m10xk/YWxqaGBf/2017/10/10/150762089190886.jpg]
[i1.17173cdn.com/7m10xk/YWxqaGBf/2017/10/10/150762075486066.jpg]
[i3.17173cdn.com/7m10xk/YWxqaGBf/2017/10/10/150762047585154.jpg]
[i3.17173cdn.com/7m10xk/YWxqaGBf/2017/10/10/150762075573656.jpg]
[i1.17173cdn.com/7m10xk/YWxqaGBf/2017/10/10/150762047537115.jpg]
[i3.17173cdn.com/7m10xk/YWxqaGBf/2017/10/10/150762099796308.jpg]
[i1.17173cdn.com/7m10xk/YWxqaGBf/2017/10/10/150762043618385.jpg]
[i2.17173cdn.com/7m10xk/YWxqaGBf/2017/10/10/150762043650888.jpg]
[i3.17173cdn.com/7m10xk/YWxqaGBf/2017/10/10/150762099893014.jpg]
[i1.17173cdn.com/7m10xk/YWxqaGBf/2017/10/10/150762036893096.jpg]
[i2.17173cdn.com/7m10xk/YWxqaGBf/2017/09/26/150639131270097.jpg]
[i3.17173cdn.com/7m10xk/YWxqaGBf/2017/10/10/150762036825201.jpg]
[i2.17173cdn.com/7m10xk/YWxqaGBf/2017/09/26/150639131237190.jpg]
[i3.17173cdn.com/7m10xk/YWxqaGBf/2017/10/10/150762031729104.jpg]
[i2.17173cdn.com/7m10xk/YWxqaGBf/2017/10/10/150762031757307.jpg]
[i1.17173cdn.com/7m10xk/YWxqaGBf/2017/10/10/150762010282222.jpg]
[i3.17173cdn.com/7m10xk/YWxqaGBf/2017/10/10/150762010379660.jpg]
[i2.17173cdn.com/7m10xk/YWxqaGBf/2017/10/10/150762015485411.jpg]
[i1.17173cdn.com/7m10xk/YWxqaGBf/2017/10/10/150762015564160.jpg]
[mdc.17173.com/bio/xiamen2017.html]
[mdc.17173.com/bio/jinan2017.html]
[i3.17173cdn.com/7m10xk/YWxqaGBf/2017/08/07/150207019612753.jpg]
[mdc.17173.com/bio/dalian2017.html]
[i2.17173cdn.com/7m10xk/YWxqaGBf/2017/08/07/150207019683273.jpg]
[mdc.17173.com/bio/suzhou2017.html]
[mdc.17173.com/bio/chengdu2017.html]
[i3.17173cdn.com/7m10xk/YWxqaGBf/2016/12/29/148298309171117.jpg]
[i1.17173cdn.com/7m10xk/YWxqaGBf/2016/12/29/148298309297372.jpg]
[i1.17173cdn.com/7m10xk/YWxqaGBf/2016/12/29/148297919699018.jpg]
[i3.17173cdn.com/7m10xk/YWxqaGBf/2016/12/29/148297919654128.jpg]
[mdc.17173.com/bio/shenzhen2016.html]
[mdc.17173.com/bio/hangzhou2016.html]
[mdc.17173.com/bio/nanjing2016.html]
[mdc.17173.com/bio/shanghai2016.html]
[mdc.17173.com/bio/guangzhou2016.html]
[i1.17173cdn.com/7m10xk/YWxqaGBf/2016/12/02/148065121643875.jpg]
[i2.17173cdn.com/7m10xk/YWxqaGBf/2016/12/02/148065121699796.jpg]
[i2.17173cdn.com/7m10xk/YWxqaGBf/2016/12/02/148065084067630.jpg]
[mdc.17173.com/bio/beijing2016.html]
[mdc.17173.com/static/js/bio.js]
[mdc.17173.com/lists/xiamen201763b3.html]
[mdc.17173.com/lists/xiamen201705b2.html]
[mdc.17173.com/lists/xiamen2017fbb0.html]
[mdc.17173.com/lists/xiamen2017a956.html]
[i1.17173cdn.com/7m10xk/YWxqaGBf/2017/07/31/150149017947123.jpg]
[mdc.17173.com/article/info-6326.html]
[i1.17173cdn.com/7m10xk/YWxqaGBf/2016/06/24/146673796073331.jpg]
[i3.17173cdn.com/7m10xk/YWxqaGBf/2016/08/08/147064711714685.png]
[i3.17173cdn.com/7m10xk/YWxqaGBf/2016/08/08/147064742519300.png]
[mdc.17173.com/article/info-6405.html]
[mdc.17173.com/lists/fuzhou20172cd7.html]
[mdc.17173.com/lists/fuzhou2017e621.html]
[mdc.17173.com/lists/fuzhou2017e692.html]
[mdc.17173.com/lists/fuzhou2017809d.html]
[i3.17173cdn.com/7m10xk/YWxqaGBf/2017/11/14/151062192368430.jpg]
[i3.17173cdn.com/7m10xk/YWxqaGBf/2017/11/14/151062180483265.jpg]
[mdc.17173.com/article/info-6404.html]
[i2.17173cdn.com/7m10xk/YWxqaGBf/2017/11/14/151062192368430.jpg]
[i2.17173cdn.com/7m10xk/YWxqaGBf/2017/11/20/151114266590617.jpg]
[i3.17173cdn.com/7m10xk/YWxqaGBf/2017/11/20/151114268020959.jpg]
[i3.17173cdn.com/7m10xk/YWxqaGBf/2017/11/20/151114271213807.jpg]
[i3.17173cdn.com/7m10xk/YWxqaGBf/2017/11/20/151114272615896.jpg]
[i2.17173cdn.com/7m10xk/YWxqaGBf/2017/11/20/151114274644271.jpg]
[i3.17173cdn.com/7m10xk/YWxqaGBf/2017/11/20/151114277265162.jpg]
[i2.17173cdn.com/7m10xk/YWxqaGBf/2017/11/20/151114279244488.jpg]
[i1.17173cdn.com/7m10xk/YWxqaGBf/2017/11/20/151114280886479.jpg]
[i1.17173cdn.com/7m10xk/YWxqaGBf/2017/08/21/150330290680882.png]
[mdc.17173.com/article/info-6487.html]
[mdc.17173.com/lists/chongqing201704c1.html]
[mdc.17173.com/lists/chongqing201743cd.html]
[mdc.17173.com/lists/chongqing2017d7c4.html]
[mdc.17173.com/lists/chongqing2017e0e7.html]
[i1.17173cdn.com/7m10xk/YWxqaGBf/2017/12/05/151243898036721.jpg]
[i1.17173cdn.com/7m10xk/YWxqaGBf/2017/12/06/151254513415129.jpg]
[i3.17173cdn.com/7m10xk/YWxqaGBf/2017/11/17/151090201379647.png]
[mdc.17173.com/article/info-6490.html]
[i3.17173cdn.com/7m10xk/YWxqaGBf/2017/12/11/151298311768544.jpg]
[i3.17173cdn.com/7m10xk/YWxqaGBf/2017/12/11/151298296926403.jpg]
[i2.17173cdn.com/7m10xk/YWxqaGBf/2017/12/11/151298319163990.jpg]
[i2.17173cdn.com/7m10xk/YWxqaGBf/2017/12/11/151298332048860.jpg]
[i3.17173cdn.com/7m10xk/YWxqaGBf/2017/12/11/151298337583457.jpg]
[i3.17173cdn.com/7m10xk/YWxqaGBf/2017/12/11/151298346169567.jpg]
[i1.17173cdn.com/7m10xk/YWxqaGBf/2017/12/11/151298349884104.jpg]
[i2.17173cdn.com/7m10xk/YWxqaGBf/2017/12/11/151298353727699.png]
[i2.17173cdn.com/7m10xk/YWxqaGBf/2017/12/11/151298357670025.jpg]
[i1.17173cdn.com/7m10xk/YWxqaGBf/2017/12/11/151298365250230.jpg]
[i3.17173cdn.com/7m10xk/YWxqaGBf/2017/12/11/151298369595167.jpg]
[i2.17173cdn.com/7m10xk/YWxqaGBf/2017/12/11/151298375351176.jpg]
[i3.17173cdn.com/7m10xk/YWxqaGBf/2017/12/11/151298380113830.jpg]
[i2.17173cdn.com/7m10xk/YWxqaGBf/2017/12/11/151298383735946.jpg]
[i3.17173cdn.com/7m10xk/YWxqaGBf/2017/12/11/151298386990987.jpg]
[i2.17173cdn.com/7m10xk/YWxqaGBf/2017/12/11/151298391683241.jpg]
[i3.17173cdn.com/7m10xk/YWxqaGBf/2017/12/11/151298395216563.jpg]
[i1.17173cdn.com/7m10xk/YWxqaGBf/2017/12/11/151298405962754.jpg]
[i3.17173cdn.com/7m10xk/YWxqaGBf/2017/12/11/151298409418149.jpg]
[mdc.17173.com/article/info-6495.html]
[i1.17173cdn.com/7m10xk/YWxqaGBf/2017/12/06/151255556289112.jpg]
[imgcache.qq.com/tencentvideo_v1/playerv3/TPoutafa9.swf]
[i1.17173cdn.com/7m10xk/YWxqaGBf/2017/12/06/151255682859196.png]
[mdc.17173.com/article/info-6491.html]
[i1.17173cdn.com/7m10xk/YWxqaGBf/2017/12/10/151287072091829.jpg]
[i2.17173cdn.com/7m10xk/YWxqaGBf/2017/12/10/151287075595505.jpg]
[i2.17173cdn.com/7m10xk/YWxqaGBf/2017/12/10/151287079652416.jpg]
[i1.17173cdn.com/7m10xk/YWxqaGBf/2017/12/10/151287082358525.jpg]
[i1.17173cdn.com/7m10xk/YWxqaGBf/2017/12/10/151287088477547.png]
[i1.17173cdn.com/7m10xk/YWxqaGBf/2017/12/10/151287090589490.jpg]
[i2.17173cdn.com/7m10xk/YWxqaGBf/2017/12/10/151287095891595.jpg]
[i2.17173cdn.com/7m10xk/YWxqaGBf/2017/12/10/151287101451965.jpg]
[mdc.17173.com/article/info-6493.html]
[mdc.17173.com/article/info-5900.html]
[mdc.17173.com/lists/chengdu20171eb7.html]
[mdc.17173.com/lists/chengdu201775d3.html]
[mdc.17173.com/lists/chengdu20176fb9.html]
[mdc.17173.com/lists/chengdu2017431f.html]
[mdc.17173.com/article/info-6152.html]
[i2.17173cdn.com/7m10xk/YWxqaGBf/2017/05/11/149443900845011.png]
[mdc.17173.com/article/info-6154.html]
[i3.17173cdn.com/7m10xk/YWxqaGBf/2017/05/11/149446223344254.png]
[mdc.17173.com/article/info-5908.html]
[mdc.17173.com/article/info-5907.html]
[mdc.17173.com/article/info-5904.html]
[mdc.17173.com/article/info-5905.html]
[mdc.17173.com/article/info-6177.html]
[mdc.17173.com/lists/suzhou2017536c.html]
[mdc.17173.com/lists/suzhou20177fdd.html]
[mdc.17173.com/lists/suzhou20176e30.html]
[mdc.17173.com/lists/suzhou20174995.html]
[i3.17173cdn.com/7m10xk/YWxqaGBf/2017/06/08/149693008363084.png]
[i2.17173cdn.com/7m10xk/YWxqaGBf/2017/06/01/149631465031486.png]
[mdc.17173.com/article/info-6173.html]
[i1.17173cdn.com/7m10xk/YWxqaGBf/2017/06/01/149631444632661.png]
[mdc.17173.com/article/info-6175.html]
[i2.17173cdn.com/7m10xk/YWxqaGBf/2017/06/04/149657962597263.png]
[i3.17173cdn.com/7m10xk/YWxqaGBf/2017/06/04/149657963436108.png]
[i1.17173cdn.com/7m10xk/YWxqaGBf/2017/06/04/149657964264117.png]
[i1.17173cdn.com/7m10xk/YWxqaGBf/2017/06/04/149657964932677.png]
[i3.17173cdn.com/7m10xk/YWxqaGBf/2017/06/04/149657965856658.png]
[i2.17173cdn.com/7m10xk/YWxqaGBf/2017/06/04/149657966727469.png]
[mdc.17173.com/article/info-6194.html]
[i3.17173cdn.com/7m10xk/YWxqaGBf/2017/06/03/149648209474373.png]
[mdc.17173.com/article/info-6193.html]
[mdc.17173.com/article/info-6226.html]
[mdc.17173.com/lists/dalian2017536c.html]
[mdc.17173.com/lists/dalian20177fdd.html]
[mdc.17173.com/lists/dalian20176e30.html]
[mdc.17173.com/lists/dalian20174995.html]
[i1.17173cdn.com/7m10xk/YWxqaGBf/2017/07/04/149917774995570.png]
[i2.17173cdn.com/7m10xk/YWxqaGBf/2017/07/04/149917755576731.png]
[mdc.17173.com/article/info-6228.html]
[i3.17173cdn.com/7m10xk/YWxqaGBf/2017/07/04/149917783252138.png]
[mdc.17173.com/article/info-6227.html]
[i1.17173cdn.com/7m10xk/YWxqaGBf/2017/07/10/149968259215439.jpg]
[i1.17173cdn.com/7m10xk/YWxqaGBf/2017/07/10/149968259378158.jpg]
[i2.17173cdn.com/7m10xk/YWxqaGBf/2017/07/10/149968259323976.jpg]
[i3.17173cdn.com/7m10xk/YWxqaGBf/2017/07/10/149968259425956.jpg]
[i1.17173cdn.com/7m10xk/YWxqaGBf/2017/07/10/149968259446662.jpg]
[i3.17173cdn.com/7m10xk/YWxqaGBf/2017/07/10/149968259412568.jpg]
[i2.17173cdn.com/7m10xk/YWxqaGBf/2017/07/10/149968259573668.jpg]
[mdc.17173.com/article/info-6277.html]
[mdc.17173.com/article/info-6289.html]
[mdc.17173.com/lists/jinan201716f0.html]
[mdc.17173.com/lists/jinan20177575.html]
[mdc.17173.com/lists/jinan2017eed4.html]
[mdc.17173.com/lists/jinan201744c0.html]
[i2.17173cdn.com/7m10xk/YWxqaGBf/2017/07/31/150146878870618.jpg]
[i3.17173cdn.com/7m10xk/YWxqaGBf/2017/07/31/150143127122986.png]
[mdc.17173.com/article/info-6288.html]
[i1.17173cdn.com/7m10xk/YWxqaGBf/2017/08/02/150163655887163.jpg]
[static.hdslb.com/miniloader.swf]
[imgcache.qq.com/tencentvideo_v1/playerv3/TPout9bce.swf]
[mdc.17173.com/article/info-6314.html]
[i1.17173cdn.com/7m10xk/YWxqaGBf/2017/08/01/150157661244755.jpg]
[i1.17173cdn.com/7m10xk/YWxqaGBf/2017/08/01/150157663015164.jpg]
[i3.17173cdn.com/7m10xk/YWxqaGBf/2017/08/01/150157505482965.jpg]
[i2.17173cdn.com/7m10xk/YWxqaGBf/2017/08/01/150157507130091.jpg]
[i3.17173cdn.com/7m10xk/YWxqaGBf/2017/08/01/150157579387058.png]
[i3.17173cdn.com/7m10xk/YWxqaGBf/2017/08/01/150157581651002.jpg]
[i3.17173cdn.com/7m10xk/YWxqaGBf/2017/08/01/150157583825516.jpg]
[i3.17173cdn.com/7m10xk/YWxqaGBf/2017/08/01/150157586015196.jpg]
[i1.17173cdn.com/7m10xk/YWxqaGBf/2017/08/01/150157687294611.jpg]
[i1.17173cdn.com/7m10xk/YWxqaGBf/2017/08/01/150157592374556.jpg]
[i3.17173cdn.com/7m10xk/YWxqaGBf/2017/08/01/150157603716282.jpg]
[i1.17173cdn.com/7m10xk/YWxqaGBf/2017/08/01/150157611276569.jpg]
[i2.17173cdn.com/7m10xk/YWxqaGBf/2017/08/01/150157620346098.jpg]
[i3.17173cdn.com/7m10xk/YWxqaGBf/2017/08/01/150157694860976.jpg]
[i1.17173cdn.com/7m10xk/YWxqaGBf/2017/08/01/150157625691928.jpg]
[i2.17173cdn.com/7m10xk/YWxqaGBf/2017/08/01/150157697620166.png]
[i3.17173cdn.com/7m10xk/YWxqaGBf/2017/08/01/150157628589337.png]
[i2.17173cdn.com/7m10xk/YWxqaGBf/2017/08/01/150157629479427.jpg]
[mdc.17173.com/article/info-6312.html]
[mdc.17173.com/article/info-5429.html]
[mdc.17173.com/lists/hangzhou20166101.html]
[mdc.17173.com/lists/hangzhou2016d5d3.html]
[mdc.17173.com/lists/hangzhou2016d6de.html]
[mdc.17173.com/lists/hangzhou20165b8e.html]
[mdc.17173.com/article/info-5501.html]
[i2.17173cdn.com/7m10xk/YWxqaGBf/2016/11/27/148019128956067.png]
[i3.17173cdn.com/7m10xk/YWxqaGBf/2016/11/27/148019020186992.png]
[mdc.17173.com/article/info-5430.html]
[i3.17173cdn.com/7m10xk/YWxqaGBf/2016/11/27/148019144073473.jpg]
[mdc.17173.com/article/info-5431.html]
[i2.17173cdn.com/7m10xk/YWxqaGBf/2016/11/27/148025157824999.png]
[mdc.17173.com/article/info-5432.html]
[i3.17173cdn.com/7m10xk/YWxqaGBf/2016/11/29/148041345478188.png]
[i1.17173cdn.com/7m10xk/YWxqaGBf/2016/11/29/148041305022808.png]
[mdc.17173.com/article/info-5476.html]
[i2.17173cdn.com/7m10xk/YWxqaGBf/2016/11/28/148032813216958.png]
[i3.17173cdn.com/7m10xk/YWxqaGBf/2016/11/28/148032812386117.png]
[i1.17173cdn.com/7m10xk/YWxqaGBf/2016/11/28/148032811664507.png]
[i2.17173cdn.com/7m10xk/YWxqaGBf/2016/11/28/148032810763257.png]
[i1.17173cdn.com/7m10xk/YWxqaGBf/2016/11/28/148032809916239.png]
[mdc.17173.com/article/info-5444.html]
[mdc.17173.com/article/info-5500.html]
[mdc.17173.com/lists/shenzhen2016d5c6.html]
[mdc.17173.com/lists/shenzhen20166cb4.html]
[mdc.17173.com/lists/shenzhen20162534.html]
[mdc.17173.com/lists/shenzhen20168b97.html]
[i2.17173cdn.com/7m10xk/YWxqaGBf/2016/12/08/148121007444357.png]
[i2.17173cdn.com/7m10xk/YWxqaGBf/2016/12/08/148120352382754.png]
[mdc.17173.com/article/info-5523.html]
[i2.17173cdn.com/7m10xk/YWxqaGBf/2016/12/08/148121145889431.jpg]
[mdc.17173.com/article/info-5525.html]
[i3.17173cdn.com/7m10xk/YWxqaGBf/2016/12/08/148120039317107.png]
[mdc.17173.com/article/info-5524.html]
[mdc.17173.com/article/info-5522.html]
[i3.17173cdn.com/7m10xk/YWxqaGBf/2016/12/11/148143656765245.jpg]
[i1.17173cdn.com/7m10xk/YWxqaGBf/2016/12/11/148143594725518.png]
[i1.17173cdn.com/7m10xk/YWxqaGBf/2016/12/11/148143351714958.jpg]
[i2.17173cdn.com/7m10xk/YWxqaGBf/2016/12/11/148143352942561.jpg]
[i3.17173cdn.com/7m10xk/YWxqaGBf/2016/12/11/148143355621703.jpg]
[i2.17173cdn.com/7m10xk/YWxqaGBf/2016/12/11/148143357438711.jpg]
[mdc.17173.com/article/info-5553.html]
[i1.17173cdn.com/7m10xk/YWxqaGBf/2016/06/24/146673790784923.jpg]
[i2.17173cdn.com/7m10xk/YWxqaGBf/2016/06/24/146673791912979.jpg]
[mdc.17173.com/article/info-4465.html]
[mdc.17173.com/lists/beijing2016f6bb.html]
[mdc.17173.com/lists/beijing2016568c.html]
[mdc.17173.com/lists/beijing2016dcca.html]
[mdc.17173.com/lists/beijing201630ba.html]
[i1.17173cdn.com/7m10xk/YWxqaGBf/2016/06/23/146668163386191.jpg]
[mdc.17173.com/article/info-4468.html]
[i3.17173cdn.com/7m10xk/YWxqaGBf/2016/06/30/146727422459120.jpg]
[i3.17173cdn.com/7m10xk/YWxqaGBf/2016/06/24/146676983928118.jpg]
[i3.17173cdn.com/7m10xk/YWxqaGBf/2016/06/30/146727416151496.jpg]
[mdc.17173.com/article/info-4469.html]
[i2.17173cdn.com/7m10xk/YWxqaGBf/2016/06/24/146675526443155.png]
[mdc.17173.com/article/info-4466.html]
[mdc.17173.com/article/info-4482.html]
[mdc.17173.com/article/info-4481.html]
[mdc.17173.com/article/info-4631.html]
[mdc.17173.com/article/info-4636.html]
[mdc.17173.com/lists/guangzhou2016c4da.html]
[mdc.17173.com/lists/guangzhou2016cd26.html]
[mdc.17173.com/lists/guangzhou2016f517.html]
[mdc.17173.com/lists/guangzhou20160c79.html]
[i1.17173cdn.com/7m10xk/YWxqaGBf/2016/07/13/146834743943641.png]
[i3.17173cdn.com/7m10xk/YWxqaGBf/2016/07/21/146903264679774.jpg]
[d24wuq6o951i2g.cloudfront.net/img/events/id/256/2564080/assets/1ee.MAP_GZ.png]
[mdc.17173.com/article/info-4683.html]
[mdc.17173.com/article/info-4776.html]
[i2.17173cdn.com/7m10xk/YWxqaGBf/2016/07/21/146908508883787.png]
[i1.17173cdn.com/7m10xk/YWxqaGBf/2016/07/21/146908555879877.png]
[i1.17173cdn.com/7m10xk/YWxqaGBf/2016/07/21/146908584042817.png]
[i2.17173cdn.com/7m10xk/YWxqaGBf/2016/07/21/146908584059354.png]
[i1.17173cdn.com/7m10xk/YWxqaGBf/2016/07/21/146908584064200.png]
[i1.17173cdn.com/7m10xk/YWxqaGBf/2016/07/21/146908584012103.png]
[i2.17173cdn.com/7m10xk/YWxqaGBf/2016/07/21/146908584074305.png]
[i2.17173cdn.com/7m10xk/YWxqaGBf/2016/07/21/146908584023658.png]
[i1.17173cdn.com/7m10xk/YWxqaGBf/2016/07/21/146908584013275.png]
[i3.17173cdn.com/7m10xk/YWxqaGBf/2016/07/21/146908584017540.png]
[i2.17173cdn.com/7m10xk/YWxqaGBf/2016/07/21/146908584078782.png]
[i2.17173cdn.com/7m10xk/YWxqaGBf/2016/07/21/146908584012562.png]
[i3.17173cdn.com/7m10xk/YWxqaGBf/2016/07/21/146908584084502.png]
[i2.17173cdn.com/7m10xk/YWxqaGBf/2016/07/21/146908584023571.png]
[i1.17173cdn.com/7m10xk/YWxqaGBf/2016/07/21/146908584186093.png]
[i2.17173cdn.com/7m10xk/YWxqaGBf/2016/07/21/146908584169702.png]
[i2.17173cdn.com/7m10xk/YWxqaGBf/2016/07/21/146908584114433.png]
[i1.17173cdn.com/7m10xk/YWxqaGBf/2016/07/21/146908584149928.png]
[i2.17173cdn.com/7m10xk/YWxqaGBf/2016/07/21/146908584159530.png]
[i3.17173cdn.com/7m10xk/YWxqaGBf/2016/07/21/146908584166795.png]
[i3.17173cdn.com/7m10xk/YWxqaGBf/2016/07/21/146908584120988.png]
[i3.17173cdn.com/7m10xk/YWxqaGBf/2016/07/21/146908584156724.png]
[i1.17173cdn.com/7m10xk/YWxqaGBf/2016/07/21/146908584181150.png]
[i2.17173cdn.com/7m10xk/YWxqaGBf/2016/07/21/146908584124778.png]
[mdc.17173.com/article/info-4784.html]
[i3.17173cdn.com/7m10xk/YWxqaGBf/2016/07/27/146960916045154.png]
[i3.17173cdn.com/7m10xk/YWxqaGBf/2016/07/27/146960921347594.png]
[mdc.17173.com/article/info-4840.html]
[mdc.17173.com/article/info-4634.html]
[mdc.17173.com/article/info-4635.html]
[mdc.17173.com/article/info-4661.html]
[mdc.17173.com/article/info-4914.html]
[mdc.17173.com/lists/shanghai20165802.html]
[mdc.17173.com/lists/shanghai20167e56.html]
[mdc.17173.com/lists/shanghai201647a4.html]
[mdc.17173.com/lists/shanghai201656e6.html]
[i3.17173cdn.com/7m10xk/YWxqaGBf/2016/08/22/147179754238629.jpg]
[mdc.17173.com/article/info-5017.html]
[i1.17173cdn.com/7m10xk/YWxqaGBf/2016/08/02/147013674458014.jpg]
[i3.17173cdn.com/7m10xk/YWxqaGBf/2016/08/02/147013303516854.jpg]
[i2.17173cdn.com/7m10xk/YWxqaGBf/2016/08/02/147013431549311.png]
[i3.17173cdn.com/7m10xk/YWxqaGBf/2016/08/02/147013432062343.png]
[i3.17173cdn.com/7m10xk/YWxqaGBf/2016/08/02/147013432560581.png]
[i1.17173cdn.com/7m10xk/YWxqaGBf/2016/08/02/147013433047192.png]
[i2.17173cdn.com/7m10xk/YWxqaGBf/2016/08/02/147013433743606.png]
[i1.17173cdn.com/7m10xk/YWxqaGBf/2016/08/02/147013434145167.png]
[i1.17173cdn.com/7m10xk/YWxqaGBf/2016/08/02/147013434616433.png]
[i3.17173cdn.com/7m10xk/YWxqaGBf/2016/08/02/147013435587856.png]
[i2.17173cdn.com/7m10xk/YWxqaGBf/2016/08/02/147013435990692.png]
[i3.17173cdn.com/7m10xk/YWxqaGBf/2016/08/02/147013436648811.png]
[i3.17173cdn.com/7m10xk/YWxqaGBf/2016/08/02/147013437183525.png]
[i1.17173cdn.com/7m10xk/YWxqaGBf/2016/08/02/147013438383476.png]
[i1.17173cdn.com/7m10xk/YWxqaGBf/2016/08/02/147013438764407.png]
[i2.17173cdn.com/7m10xk/YWxqaGBf/2016/08/02/147013439463139.png]
[i1.17173cdn.com/7m10xk/YWxqaGBf/2016/08/02/147013439824308.png]
[i3.17173cdn.com/7m10xk/YWxqaGBf/2016/08/02/147013440233573.png]
[i3.17173cdn.com/7m10xk/YWxqaGBf/2016/08/02/147013440975425.png]
[i1.17173cdn.com/7m10xk/YWxqaGBf/2016/08/02/147013441386108.png]
[i2.17173cdn.com/7m10xk/YWxqaGBf/2016/08/02/147013441710952.png]
[i1.17173cdn.com/7m10xk/YWxqaGBf/2016/08/02/147013442172486.png]
[mdc.17173.com/article/info-4911.html]
[i2.17173cdn.com/7m10xk/YWxqaGBf/2016/08/01/147004816711759.jpg]
[i3.17173cdn.com/7m10xk/YWxqaGBf/2016/08/01/147004822298516.jpg]
[mdc.17173.com/article/info-4898.html]
[mdc.17173.com/article/info-4639.html]
[mdc.17173.com/article/info-4637.html]
[mdc.17173.com/article/info-4662.html]
[mdc.17173.com/article/info-4956.html]
[mdc.17173.com/lists/nanjing20168ed4.html]
[mdc.17173.com/lists/nanjing201639ff.html]
[mdc.17173.com/lists/nanjing20169242.html]
[mdc.17173.com/lists/nanjing20167bb9.html]
[i3.17173cdn.com/7m10xk/YWxqaGBf/2016/08/22/147185563469749.png]
[i2.17173cdn.com/7m10xk/YWxqaGBf/2016/08/22/147184624032688.png]
[mdc.17173.com/article/info-5023.html]
[mdc.17173.com/article/info-5022.html]
[mdc.17173.com/article/info-4640.html]
[mdc.17173.com/article/info-4638.html]
[mdc.17173.com/article/info-4664.html]
[s.ue.17173cdn.com/a/lib/passport/v2/js/passport.js]
[s.ue.17173cdn.com/a/lib/passport/v2/js/default/script6412.js]
[s.ue.17173cdn.com/a/passport/v1/js/jquery.validate.js]
[s.ue.17173cdn.com/a/passport/v1/js/artDialog.min.js]
[s.ue.17173cdn.com/a/passport/v1/js/artDialog.plugins.js]
[s.ue.17173cdn.com/a/lib/passport-2.0/guide/script.js]
[s.ue.17173cdn.com/a/passport/v1/js/passport-script.js]
[mdc.17173.com/lists/89]
[mdc.17173.com/lists/88]
[mdc.17173.com/lists/87]
[mdc.17173.com/lists/86]
[mdc.17173.com/lists/85]
[mdc.17173.com/lists/84]
[mdc.17173.com/static/js/jquery.plugins/jquery-ui/images/ui-bg_highlight-soft_100_eeeeee_1x100.png]
[ssl.captcha.qq.com/TCaptcha.js]
[mdc.17173.com/static/js/jquery.plugins/jquery-ui/images/ui-bg_gloss-wave_35_f6a828_500x100.253.delayed]
[mdc.17173.com/static/js/jquery.plugins/jquery-ui/images/ui-bg_glass_100_f6f6f6_1x400.png]
[mdc.17173.com/static/js/jquery.plugins/jquery-ui/images/ui-bg_glass_100_fdf5ce_1x400.png]
[mdc.17173.com/static/js/jquery.plugins/jquery-ui/images/ui-bg_glass_65_ffffff_1x400.png]
[mdc.17173.com/static/js/jquery.plugins/jquery-ui/images/ui-bg_highlight-soft_75_ffe45c_1x100.png]
[mdc.17173.com/static/js/jquery.plugins/jquery-ui/images/ui-bg_diagonals-thick_18_b81900_40x40.png]
[mdc.17173.com/static/js/jquery.plugins/jquery-ui/images/ui-icons_222222_256x240.png]
[mdc.17173.com/static/js/jquery.plugins/jquery-ui/images/ui-icons_ffffff_256x240.png]
[mdc.17173.com/static/js/jquery.plugins/jquery-ui/images/ui-icons_ef8c08_256x240.png]
[mdc.17173.com/static/js/jquery.plugins/jquery-ui/images/ui-icons_228ef1_256x240.png]
[mdc.17173.com/static/js/jquery.plugins/jquery-ui/images/ui-icons_ffd27a_256x240.png]
[mdc.17173.com/static/js/jquery.plugins/jquery-ui/images/ui-bg_diagonals-thick_20_666666_40x40.png]
[mdc.17173.com/static/js/jquery.plugins/jquery-ui/images/ui-bg_flat_10_000000_40x100.png]
[mdc.17173.com/static/js/jquery.plugins/jquery-ui/jquery-ui.min.css]
[mdc.17173.com/static/js/jquery.plugins/jquery-ui/jquery-ui.min.js]
[mdc.17173.com/static/js/article_dataInfo.js]
[mdc.17173.com/static/js/comment.js]
[i2.17173cdn.com/7m10xk/YWxqaGBf/2017/10/10/150762031757307.jpg]
[i2.17173cdn.com/7m10xk/YWxqaGBf/2017/10/10/150762015485411.jpg]
[i1.17173cdn.com/7m10xk/YWxqaGBf/2017/10/10/150762015564160.jpg]
[i1.17173cdn.com/7m10xk/YWxqaGBf/2017/10/10/150762010282222.jpg]
[i3.17173cdn.com/7m10xk/YWxqaGBf/2017/10/10/150762010379660.jpg]
[i3.17173cdn.com/7m10xk/YWxqaGBf/2017/08/07/150207019612753.jpg]
[i2.17173cdn.com/7m10xk/YWxqaGBf/2017/08/07/150207019683273.jpg]
[i1.17173cdn.com/7m10xk/YWxqaGBf/2016/12/02/148065084023982.jpg]
[i3.17173cdn.com/7m10xk/YWxqaGBf/2017/09/26/150639275228906.jpg]
[i2.17173cdn.com/7m10xk/YWxqaGBf/2017/09/26/150639264658381.jpg]
[i1.17173cdn.com/7m10xk/YWxqaGBf/2017/07/31/150149017947123.jpg]
[i3.17173cdn.com/7m10xk/YWxqaGBf/2016/08/08/147064711714685.png]
[i3.17173cdn.com/7m10xk/YWxqaGBf/2016/08/08/147064742519300.png]
[i3.17173cdn.com/7m10xk/YWxqaGBf/2017/11/14/151062192368430.jpg]
[i3.17173cdn.com/7m10xk/YWxqaGBf/2017/11/14/151062180483265.jpg]
[i2.17173cdn.com/7m10xk/YWxqaGBf/2017/11/14/151062192368430.jpg]
[i2.17173cdn.com/7m10xk/YWxqaGBf/2017/11/20/151114266590617.jpg]
[i3.17173cdn.com/7m10xk/YWxqaGBf/2017/11/20/151114272615896.jpg]
[i2.17173cdn.com/7m10xk/YWxqaGBf/2017/11/20/151114274644271.jpg]
[i3.17173cdn.com/7m10xk/YWxqaGBf/2017/11/20/151114277265162.jpg]
[i1.17173cdn.com/7m10xk/YWxqaGBf/2017/08/21/150330290680882.png]
[i1.17173cdn.com/7m10xk/YWxqaGBf/2017/12/05/151243898036721.jpg]
[i1.17173cdn.com/7m10xk/YWxqaGBf/2017/12/06/151254513415129.jpg]
[i3.17173cdn.com/7m10xk/YWxqaGBf/2017/11/17/151090201379647.png]
[i3.17173cdn.com/7m10xk/YWxqaGBf/2017/12/11/151298311768544.jpg]
[i3.17173cdn.com/7m10xk/YWxqaGBf/2017/12/11/151298296926403.jpg]
[i2.17173cdn.com/7m10xk/YWxqaGBf/2017/12/11/151298319163990.jpg]
[i2.17173cdn.com/7m10xk/YWxqaGBf/2017/12/11/151298332048860.jpg]
[i3.17173cdn.com/7m10xk/YWxqaGBf/2017/12/11/151298337583457.jpg]
[i3.17173cdn.com/7m10xk/YWxqaGBf/2017/12/11/151298346169567.jpg]
[i1.17173cdn.com/7m10xk/YWxqaGBf/2017/12/11/151298349884104.jpg]
[i2.17173cdn.com/7m10xk/YWxqaGBf/2017/12/11/151298353727699.png]
[i2.17173cdn.com/7m10xk/YWxqaGBf/2017/12/11/151298357670025.jpg]
[i1.17173cdn.com/7m10xk/YWxqaGBf/2017/12/11/151298365250230.jpg]
[i3.17173cdn.com/7m10xk/YWxqaGBf/2017/12/11/151298369595167.jpg]
[i2.17173cdn.com/7m10xk/YWxqaGBf/2017/12/11/151298375351176.jpg]
[i3.17173cdn.com/7m10xk/YWxqaGBf/2017/12/11/151298380113830.jpg]
[i2.17173cdn.com/7m10xk/YWxqaGBf/2017/12/11/151298383735946.jpg]
[i3.17173cdn.com/7m10xk/YWxqaGBf/2017/12/11/151298386990987.jpg]
[i2.17173cdn.com/7m10xk/YWxqaGBf/2017/12/11/151298391683241.jpg]
[i3.17173cdn.com/7m10xk/YWxqaGBf/2017/12/11/151298395216563.jpg]
[i1.17173cdn.com/7m10xk/YWxqaGBf/2017/12/11/151298405962754.jpg]
[i3.17173cdn.com/7m10xk/YWxqaGBf/2017/12/11/151298409418149.jpg]
[i1.17173cdn.com/7m10xk/YWxqaGBf/2017/12/06/151255682859196.png]
[i1.17173cdn.com/7m10xk/YWxqaGBf/2017/12/10/151287072091829.jpg]
[imgcache.qq.com/tencentvideo_v1/playerv3/TPoutafa9.swf]
[i2.17173cdn.com/7m10xk/YWxqaGBf/2017/12/10/151287075595505.jpg]
[i1.17173cdn.com/7m10xk/YWxqaGBf/2017/12/10/151287082358525.jpg]
[i2.17173cdn.com/7m10xk/YWxqaGBf/2017/12/10/151287084662072.jpeg]
[i1.17173cdn.com/7m10xk/YWxqaGBf/2017/12/10/151287090589490.jpg]
[i1.17173cdn.com/7m10xk/YWxqaGBf/2017/05/26/149580857394272.png]
[i2.17173cdn.com/7m10xk/YWxqaGBf/2017/05/26/149580861524009.png]
[mdc.17173.com/article/info-6152.html]
[i3.17173cdn.com/7m10xk/YWxqaGBf/2017/05/26/149581134050880.png]
[i3.17173cdn.com/7m10xk/YWxqaGBf/2017/05/26/149581170427205.png]
[i2.17173cdn.com/7m10xk/YWxqaGBf/2017/05/26/149581172640708.png]
[i1.17173cdn.com/7m10xk/YWxqaGBf/2017/05/26/149581174378347.png]
[i1.17173cdn.com/7m10xk/YWxqaGBf/2017/05/26/149581175669432.png]
[mdc.17173.com/article/info-6154.html]
[i2.17173cdn.com/7m10xk/YWxqaGBf/2017/05/11/149443900845011.png]
[i3.17173cdn.com/7m10xk/YWxqaGBf/2017/05/11/149446223344254.png]
[i3.17173cdn.com/7m10xk/YWxqaGBf/2017/06/08/149693008363084.png]
[i2.17173cdn.com/7m10xk/YWxqaGBf/2017/06/01/149631465031486.png]
[i1.17173cdn.com/7m10xk/YWxqaGBf/2017/06/01/149631444632661.png]
[i2.17173cdn.com/7m10xk/YWxqaGBf/2017/06/04/149657962597263.png]
[i3.17173cdn.com/7m10xk/YWxqaGBf/2017/06/04/149657963436108.png]
[i1.17173cdn.com/7m10xk/YWxqaGBf/2017/06/04/149657964264117.png]
[i1.17173cdn.com/7m10xk/YWxqaGBf/2017/06/04/149657964932677.png]
[i3.17173cdn.com/7m10xk/YWxqaGBf/2017/06/04/149657965856658.png]
[i2.17173cdn.com/7m10xk/YWxqaGBf/2017/06/04/149657966727469.png]
[i3.17173cdn.com/7m10xk/YWxqaGBf/2017/06/03/149648209474373.png]
[i1.17173cdn.com/7m10xk/YWxqaGBf/2017/07/04/149917774995570.png]
[i2.17173cdn.com/7m10xk/YWxqaGBf/2017/07/04/149917755576731.png]
[i3.17173cdn.com/7m10xk/YWxqaGBf/2017/07/04/149917783252138.png]
[i1.17173cdn.com/7m10xk/YWxqaGBf/2017/07/10/149968259215439.jpg]
[i1.17173cdn.com/7m10xk/YWxqaGBf/2017/07/10/149968259378158.jpg]
[i2.17173cdn.com/7m10xk/YWxqaGBf/2017/07/10/149968259323976.jpg]
[i3.17173cdn.com/7m10xk/YWxqaGBf/2017/07/10/149968259425956.jpg]
[i1.17173cdn.com/7m10xk/YWxqaGBf/2017/07/10/149968259446662.jpg]
[i2.17173cdn.com/7m10xk/YWxqaGBf/2017/07/10/149968259573668.jpg]
[i2.17173cdn.com/7m10xk/YWxqaGBf/2017/07/31/150146878870618.jpg]
[i3.17173cdn.com/7m10xk/YWxqaGBf/2017/07/31/150143127122986.png]
[i3.17173cdn.com/7m10xk/YWxqaGBf/2017/08/21/150330699492335.jpg]
[static.hdslb.com/miniloader.swf]
[i1.17173cdn.com/7m10xk/YWxqaGBf/2017/08/02/150163655887163.jpg]
[i1.17173cdn.com/7m10xk/YWxqaGBf/2017/08/01/150157661244755.jpg]
[imgcache.qq.com/tencentvideo_v1/playerv3/TPout9bce.swf]
[i1.17173cdn.com/7m10xk/YWxqaGBf/2017/08/01/150157663015164.jpg]
[i3.17173cdn.com/7m10xk/YWxqaGBf/2017/08/01/150157505482965.jpg]
[i2.17173cdn.com/7m10xk/YWxqaGBf/2017/08/01/150157507130091.jpg]
[i3.17173cdn.com/7m10xk/YWxqaGBf/2017/08/01/150157579387058.png]
[i3.17173cdn.com/7m10xk/YWxqaGBf/2017/08/01/150157581651002.jpg]
[i3.17173cdn.com/7m10xk/YWxqaGBf/2017/08/01/150157583825516.jpg]
[i3.17173cdn.com/7m10xk/YWxqaGBf/2017/08/01/150157586015196.jpg]
[i1.17173cdn.com/7m10xk/YWxqaGBf/2017/08/01/150157687294611.jpg]
[i1.17173cdn.com/7m10xk/YWxqaGBf/2017/08/01/150157592374556.jpg]
[i3.17173cdn.com/7m10xk/YWxqaGBf/2017/08/01/150157603716282.jpg]
[i1.17173cdn.com/7m10xk/YWxqaGBf/2017/08/01/150157611276569.jpg]
[i2.17173cdn.com/7m10xk/YWxqaGBf/2017/08/01/150157620346098.jpg]
[i3.17173cdn.com/7m10xk/YWxqaGBf/2017/08/01/150157694860976.jpg]
[i1.17173cdn.com/7m10xk/YWxqaGBf/2017/08/01/150157625691928.jpg]
[i2.17173cdn.com/7m10xk/YWxqaGBf/2017/08/01/150157697620166.png]
[i3.17173cdn.com/7m10xk/YWxqaGBf/2017/08/01/150157628589337.png]
[i2.17173cdn.com/7m10xk/YWxqaGBf/2017/08/01/150157629479427.jpg]
[i1.17173cdn.com/7m10xk/YWxqaGBf/2016/12/02/148064846024544.png]
[mdc.17173.com/article/info-5501.html]
[i2.17173cdn.com/7m10xk/YWxqaGBf/2016/11/27/148019128956067.png]
[i3.17173cdn.com/7m10xk/YWxqaGBf/2016/11/27/148019020186992.png]
[i3.17173cdn.com/7m10xk/YWxqaGBf/2016/11/27/148019144073473.jpg]
[i2.17173cdn.com/7m10xk/YWxqaGBf/2016/11/27/148025157824999.png]
[i3.17173cdn.com/7m10xk/YWxqaGBf/2016/11/29/148041345478188.png]
[i1.17173cdn.com/7m10xk/YWxqaGBf/2016/11/29/148041305022808.png]
[i2.17173cdn.com/7m10xk/YWxqaGBf/2016/11/28/148032813216958.png]
[i3.17173cdn.com/7m10xk/YWxqaGBf/2016/11/28/148032812386117.png]
[i1.17173cdn.com/7m10xk/YWxqaGBf/2016/11/28/148032811664507.png]
[i2.17173cdn.com/7m10xk/YWxqaGBf/2016/11/28/148032810763257.png]
[i1.17173cdn.com/7m10xk/YWxqaGBf/2016/11/28/148032809916239.png]
[i2.17173cdn.com/7m10xk/YWxqaGBf/2016/12/08/148121007444357.png]
[i2.17173cdn.com/7m10xk/YWxqaGBf/2016/12/08/148120352382754.png]
[i2.17173cdn.com/7m10xk/YWxqaGBf/2016/12/08/148121145889431.jpg]
[i3.17173cdn.com/7m10xk/YWxqaGBf/2016/12/08/148120039317107.png]
[i3.17173cdn.com/7m10xk/YWxqaGBf/2016/12/11/148143656765245.jpg]
[i1.17173cdn.com/7m10xk/YWxqaGBf/2016/12/11/148143594725518.png]
[i1.17173cdn.com/7m10xk/YWxqaGBf/2016/12/11/148143351714958.jpg]
[i2.17173cdn.com/7m10xk/YWxqaGBf/2016/12/11/148143352942561.jpg]
[i3.17173cdn.com/7m10xk/YWxqaGBf/2016/12/11/148143355621703.jpg]
[i2.17173cdn.com/7m10xk/YWxqaGBf/2016/12/11/148143357438711.jpg]
[i1.17173cdn.com/7m10xk/YWxqaGBf/2016/06/24/146673790784923.jpg]
[i1.17173cdn.com/7m10xk/YWxqaGBf/2016/06/23/146668163386191.jpg]
[i3.17173cdn.com/7m10xk/YWxqaGBf/2016/06/30/146727422459120.jpg]
[i3.17173cdn.com/7m10xk/YWxqaGBf/2016/06/24/146676983928118.jpg]
[i3.17173cdn.com/7m10xk/YWxqaGBf/2016/06/30/146727416151496.jpg]
[i2.17173cdn.com/7m10xk/YWxqaGBf/2016/06/24/146675524590021.png]
[i2.17173cdn.com/7m10xk/YWxqaGBf/2016/06/24/146675526443155.png]
[i3.17173cdn.com/7m10xk/YWxqaGBf/2016/07/21/146903264679774.jpg]
[i2.17173cdn.com/7m10xk/YWxqaGBf/2016/07/21/146908508883787.png]
[i1.17173cdn.com/7m10xk/YWxqaGBf/2016/07/21/146908555879877.png]
[d24wuq6o951i2g.cloudfront.net/img/events/id/256/2564080/assets/1ee.MAP_GZ.png]
[i1.17173cdn.com/7m10xk/YWxqaGBf/2016/07/21/146908584042817.png]
[i2.17173cdn.com/7m10xk/YWxqaGBf/2016/07/21/146908584059354.png]
[i1.17173cdn.com/7m10xk/YWxqaGBf/2016/07/21/146908584064200.png]
[i1.17173cdn.com/7m10xk/YWxqaGBf/2016/07/21/146908584012103.png]
[i2.17173cdn.com/7m10xk/YWxqaGBf/2016/07/21/146908584074305.png]
[i2.17173cdn.com/7m10xk/YWxqaGBf/2016/07/21/146908584023658.png]
[i1.17173cdn.com/7m10xk/YWxqaGBf/2016/07/21/146908584013275.png]
[i3.17173cdn.com/7m10xk/YWxqaGBf/2016/07/21/146908584017540.png]
[i2.17173cdn.com/7m10xk/YWxqaGBf/2016/07/21/146908584078782.png]
[i2.17173cdn.com/7m10xk/YWxqaGBf/2016/07/21/146908584012562.png]
[i3.17173cdn.com/7m10xk/YWxqaGBf/2016/07/21/146908584084502.png]
[i2.17173cdn.com/7m10xk/YWxqaGBf/2016/07/21/146908584023571.png]
[i1.17173cdn.com/7m10xk/YWxqaGBf/2016/07/21/146908584186093.png]
[i2.17173cdn.com/7m10xk/YWxqaGBf/2016/07/21/146908584169702.png]
[i2.17173cdn.com/7m10xk/YWxqaGBf/2016/07/21/146908584114433.png]
[i1.17173cdn.com/7m10xk/YWxqaGBf/2016/07/21/146908584149928.png]
[i2.17173cdn.com/7m10xk/YWxqaGBf/2016/07/21/146908584159530.png]
[i3.17173cdn.com/7m10xk/YWxqaGBf/2016/07/21/146908584166795.png]
[i3.17173cdn.com/7m10xk/YWxqaGBf/2016/07/21/146908584120988.png]
[i3.17173cdn.com/7m10xk/YWxqaGBf/2016/07/21/146908584156724.png]
[i1.17173cdn.com/7m10xk/YWxqaGBf/2016/07/21/146908584181150.png]
[i2.17173cdn.com/7m10xk/YWxqaGBf/2016/07/21/146908584124778.png]
[i3.17173cdn.com/7m10xk/YWxqaGBf/2016/07/27/146960916045154.png]
[i3.17173cdn.com/7m10xk/YWxqaGBf/2016/07/27/146960921347594.png]
[i3.17173cdn.com/7m10xk/YWxqaGBf/2016/08/22/147179754238629.jpg]
[i3.17173cdn.com/7m10xk/YWxqaGBf/2016/08/02/147013303516854.jpg]
[i2.17173cdn.com/7m10xk/YWxqaGBf/2016/08/02/147013431549311.png]
[i3.17173cdn.com/7m10xk/YWxqaGBf/2016/08/02/147013432062343.png]
[i3.17173cdn.com/7m10xk/YWxqaGBf/2016/08/02/147013432560581.png]
[i1.17173cdn.com/7m10xk/YWxqaGBf/2016/08/02/147013433047192.png]
[i2.17173cdn.com/7m10xk/YWxqaGBf/2016/08/02/147013433743606.png]
[i1.17173cdn.com/7m10xk/YWxqaGBf/2016/08/02/147013434145167.png]
[i1.17173cdn.com/7m10xk/YWxqaGBf/2016/08/02/147013434616433.png]
[i3.17173cdn.com/7m10xk/YWxqaGBf/2016/08/02/147013435587856.png]
[i2.17173cdn.com/7m10xk/YWxqaGBf/2016/08/02/147013435990692.png]
[i3.17173cdn.com/7m10xk/YWxqaGBf/2016/08/02/147013436648811.png]
[i3.17173cdn.com/7m10xk/YWxqaGBf/2016/08/02/147013437183525.png]
[i1.17173cdn.com/7m10xk/YWxqaGBf/2016/08/02/147013438383476.png]
[i1.17173cdn.com/7m10xk/YWxqaGBf/2016/08/02/147013438764407.png]
[i2.17173cdn.com/7m10xk/YWxqaGBf/2016/08/02/147013439463139.png]
[i1.17173cdn.com/7m10xk/YWxqaGBf/2016/08/02/147013439824308.png]
[i3.17173cdn.com/7m10xk/YWxqaGBf/2016/08/02/147013440233573.png]
[i3.17173cdn.com/7m10xk/YWxqaGBf/2016/08/02/147013440975425.png]
[i1.17173cdn.com/7m10xk/YWxqaGBf/2016/08/02/147013441386108.png]
[i2.17173cdn.com/7m10xk/YWxqaGBf/2016/08/02/147013441710952.png]
[i1.17173cdn.com/7m10xk/YWxqaGBf/2016/08/02/147013442172486.png]
[i2.17173cdn.com/7m10xk/YWxqaGBf/2016/08/01/147004816711759.jpg]
[i3.17173cdn.com/7m10xk/YWxqaGBf/2016/08/01/147004822298516.jpg]
[i2.17173cdn.com/7m10xk/YWxqaGBf/2016/08/22/147184624032688.png]
[ssl.captcha.qq.com/TCaptcha.js]
[i2.17173cdn.com/7m10xk/YWxqaGBf/2017/10/10/150762031757307.jpg]
[i1.17173cdn.com/7m10xk/YWxqaGBf/2017/10/10/150762010282222.jpg]
[i3.17173cdn.com/7m10xk/YWxqaGBf/2017/10/10/150762010379660.jpg]
[i2.17173cdn.com/7m10xk/YWxqaGBf/2017/10/10/150762015485411.jpg]
[i1.17173cdn.com/7m10xk/YWxqaGBf/2017/10/10/150762015564160.jpg]
[i3.17173cdn.com/7m10xk/YWxqaGBf/2017/08/07/150207019612753.jpg]
[i2.17173cdn.com/7m10xk/YWxqaGBf/2017/08/07/150207019683273.jpg]
[i1.17173cdn.com/7m10xk/YWxqaGBf/2016/12/02/148065084023982.jpg]
[i2.17173cdn.com/7m10xk/YWxqaGBf/2017/09/26/150639264658381.jpg]
[i1.17173cdn.com/7m10xk/YWxqaGBf/2017/07/31/150149017947123.jpg]
[i3.17173cdn.com/7m10xk/YWxqaGBf/2016/08/08/147064711714685.png]
[i3.17173cdn.com/7m10xk/YWxqaGBf/2016/08/08/147064742519300.png]
[i3.17173cdn.com/7m10xk/YWxqaGBf/2017/11/14/151062192368430.jpg]
[i3.17173cdn.com/7m10xk/YWxqaGBf/2017/11/14/151062180483265.jpg]
[i2.17173cdn.com/7m10xk/YWxqaGBf/2017/11/14/151062192368430.jpg]
[i2.17173cdn.com/7m10xk/YWxqaGBf/2017/11/20/151114266590617.jpg]
[i3.17173cdn.com/7m10xk/YWxqaGBf/2017/11/20/151114272615896.jpg]
[i2.17173cdn.com/7m10xk/YWxqaGBf/2017/11/20/151114274644271.jpg]
[i3.17173cdn.com/7m10xk/YWxqaGBf/2017/11/20/151114277265162.jpg]
[i1.17173cdn.com/7m10xk/YWxqaGBf/2017/08/21/150330290680882.png]
[i1.17173cdn.com/7m10xk/YWxqaGBf/2017/12/05/151243898036721.jpg]
[i1.17173cdn.com/7m10xk/YWxqaGBf/2017/12/06/151254513415129.jpg]
[i3.17173cdn.com/7m10xk/YWxqaGBf/2017/11/17/151090201379647.png]
[i3.17173cdn.com/7m10xk/YWxqaGBf/2017/12/11/151298311768544.jpg]
[i3.17173cdn.com/7m10xk/YWxqaGBf/2017/12/11/151298296926403.jpg]
[i2.17173cdn.com/7m10xk/YWxqaGBf/2017/12/11/151298319163990.jpg]
[i2.17173cdn.com/7m10xk/YWxqaGBf/2017/12/11/151298332048860.jpg]
[i3.17173cdn.com/7m10xk/YWxqaGBf/2017/12/11/151298337583457.jpg]
[i3.17173cdn.com/7m10xk/YWxqaGBf/2017/12/11/151298346169567.jpg]
[i1.17173cdn.com/7m10xk/YWxqaGBf/2017/12/11/151298349884104.jpg]
[i2.17173cdn.com/7m10xk/YWxqaGBf/2017/12/11/151298353727699.png]
[i2.17173cdn.com/7m10xk/YWxqaGBf/2017/12/11/151298357670025.jpg]
[i1.17173cdn.com/7m10xk/YWxqaGBf/2017/12/11/151298365250230.jpg]
[i3.17173cdn.com/7m10xk/YWxqaGBf/2017/12/11/151298369595167.jpg]
[i2.17173cdn.com/7m10xk/YWxqaGBf/2017/12/11/151298375351176.jpg]
[i3.17173cdn.com/7m10xk/YWxqaGBf/2017/12/11/151298380113830.jpg]
[i2.17173cdn.com/7m10xk/YWxqaGBf/2017/12/11/151298383735946.jpg]
[i3.17173cdn.com/7m10xk/YWxqaGBf/2017/12/11/151298386990987.jpg]
[i2.17173cdn.com/7m10xk/YWxqaGBf/2017/12/11/151298391683241.jpg]
[i3.17173cdn.com/7m10xk/YWxqaGBf/2017/12/11/151298395216563.jpg]
[i1.17173cdn.com/7m10xk/YWxqaGBf/2017/12/11/151298405962754.jpg]
[i3.17173cdn.com/7m10xk/YWxqaGBf/2017/12/11/151298409418149.jpg]
[i1.17173cdn.com/7m10xk/YWxqaGBf/2017/12/06/151255682859196.png]
[i1.17173cdn.com/7m10xk/YWxqaGBf/2017/12/10/151287072091829.jpg]
[imgcache.qq.com/tencentvideo_v1/playerv3/TPoutafa9.swf]
[i2.17173cdn.com/7m10xk/YWxqaGBf/2017/12/10/151287075595505.jpg]
[i1.17173cdn.com/7m10xk/YWxqaGBf/2017/12/10/151287082358525.jpg]
[i2.17173cdn.com/7m10xk/YWxqaGBf/2017/12/10/151287084662072.jpeg]
[i1.17173cdn.com/7m10xk/YWxqaGBf/2017/12/10/151287090589490.jpg]
[i1.17173cdn.com/7m10xk/YWxqaGBf/2017/05/26/149580857394272.png]
[i2.17173cdn.com/7m10xk/YWxqaGBf/2017/05/26/149580861524009.png]
[i3.17173cdn.com/7m10xk/YWxqaGBf/2017/05/26/149581134050880.png]
[i3.17173cdn.com/7m10xk/YWxqaGBf/2017/05/26/149581170427205.png]
[i2.17173cdn.com/7m10xk/YWxqaGBf/2017/05/26/149581172640708.png]
[i1.17173cdn.com/7m10xk/YWxqaGBf/2017/05/26/149581174378347.png]
[i1.17173cdn.com/7m10xk/YWxqaGBf/2017/05/26/149581175669432.png]
[i2.17173cdn.com/7m10xk/YWxqaGBf/2017/05/11/149443900845011.png]
[i3.17173cdn.com/7m10xk/YWxqaGBf/2017/05/11/149446223344254.png]
[i3.17173cdn.com/7m10xk/YWxqaGBf/2017/06/08/149693008363084.png]
[i2.17173cdn.com/7m10xk/YWxqaGBf/2017/06/01/149631465031486.png]
[i1.17173cdn.com/7m10xk/YWxqaGBf/2017/06/01/149631444632661.png]
[i2.17173cdn.com/7m10xk/YWxqaGBf/2017/06/04/149657962597263.png]
[i3.17173cdn.com/7m10xk/YWxqaGBf/2017/06/04/149657963436108.png]
[i1.17173cdn.com/7m10xk/YWxqaGBf/2017/06/04/149657964264117.png]
[i1.17173cdn.com/7m10xk/YWxqaGBf/2017/06/04/149657964932677.png]
[i3.17173cdn.com/7m10xk/YWxqaGBf/2017/06/04/149657965856658.png]
[i2.17173cdn.com/7m10xk/YWxqaGBf/2017/06/04/149657966727469.png]
[i3.17173cdn.com/7m10xk/YWxqaGBf/2017/06/03/149648209474373.png]
[i1.17173cdn.com/7m10xk/YWxqaGBf/2017/07/04/149917774995570.png]
[i2.17173cdn.com/7m10xk/YWxqaGBf/2017/07/04/149917755576731.png]
[i3.17173cdn.com/7m10xk/YWxqaGBf/2017/07/04/149917783252138.png]
[i1.17173cdn.com/7m10xk/YWxqaGBf/2017/07/10/149968259215439.jpg]
[i1.17173cdn.com/7m10xk/YWxqaGBf/2017/07/10/149968259378158.jpg]
[i2.17173cdn.com/7m10xk/YWxqaGBf/2017/07/10/149968259323976.jpg]
[i3.17173cdn.com/7m10xk/YWxqaGBf/2017/07/10/149968259425956.jpg]
[i1.17173cdn.com/7m10xk/YWxqaGBf/2017/07/10/149968259446662.jpg]
[i2.17173cdn.com/7m10xk/YWxqaGBf/2017/07/10/149968259573668.jpg]
[i2.17173cdn.com/7m10xk/YWxqaGBf/2017/07/31/150146878870618.jpg]
[i3.17173cdn.com/7m10xk/YWxqaGBf/2017/07/31/150143127122986.png]
[i1.17173cdn.com/7m10xk/YWxqaGBf/2017/08/02/150163655887163.jpg]
[static.hdslb.com/miniloader.swf]
[imgcache.qq.com/tencentvideo_v1/playerv3/TPout9bce.swf]
[i1.17173cdn.com/7m10xk/YWxqaGBf/2017/08/01/150157661244755.jpg]
[i1.17173cdn.com/7m10xk/YWxqaGBf/2017/08/01/150157663015164.jpg]
[i3.17173cdn.com/7m10xk/YWxqaGBf/2017/08/01/150157505482965.jpg]
[i2.17173cdn.com/7m10xk/YWxqaGBf/2017/08/01/150157507130091.jpg]
[i3.17173cdn.com/7m10xk/YWxqaGBf/2017/08/01/150157579387058.png]
[i3.17173cdn.com/7m10xk/YWxqaGBf/2017/08/01/150157581651002.jpg]
[i3.17173cdn.com/7m10xk/YWxqaGBf/2017/08/01/150157583825516.jpg]
[i3.17173cdn.com/7m10xk/YWxqaGBf/2017/08/01/150157586015196.jpg]
[i1.17173cdn.com/7m10xk/YWxqaGBf/2017/08/01/150157687294611.jpg]
[i1.17173cdn.com/7m10xk/YWxqaGBf/2017/08/01/150157592374556.jpg]
[i3.17173cdn.com/7m10xk/YWxqaGBf/2017/08/01/150157603716282.jpg]
[i1.17173cdn.com/7m10xk/YWxqaGBf/2017/08/01/150157611276569.jpg]
[i2.17173cdn.com/7m10xk/YWxqaGBf/2017/08/01/150157620346098.jpg]
[i3.17173cdn.com/7m10xk/YWxqaGBf/2017/08/01/150157694860976.jpg]
[i1.17173cdn.com/7m10xk/YWxqaGBf/2017/08/01/150157625691928.jpg]
[i2.17173cdn.com/7m10xk/YWxqaGBf/2017/08/01/150157697620166.png]
[i3.17173cdn.com/7m10xk/YWxqaGBf/2017/08/01/150157628589337.png]
[i2.17173cdn.com/7m10xk/YWxqaGBf/2017/08/01/150157629479427.jpg]
[i1.17173cdn.com/7m10xk/YWxqaGBf/2016/12/02/148064846024544.png]
[i2.17173cdn.com/7m10xk/YWxqaGBf/2016/11/27/148019128956067.png]
[i3.17173cdn.com/7m10xk/YWxqaGBf/2016/11/27/148019020186992.png]
[i3.17173cdn.com/7m10xk/YWxqaGBf/2016/11/27/148019144073473.jpg]
[i2.17173cdn.com/7m10xk/YWxqaGBf/2016/11/27/148025157824999.png]
[i3.17173cdn.com/7m10xk/YWxqaGBf/2016/11/29/148041345478188.png]
[i1.17173cdn.com/7m10xk/YWxqaGBf/2016/11/29/148041305022808.png]
[i2.17173cdn.com/7m10xk/YWxqaGBf/2016/11/28/148032813216958.png]
[i3.17173cdn.com/7m10xk/YWxqaGBf/2016/11/28/148032812386117.png]
[i1.17173cdn.com/7m10xk/YWxqaGBf/2016/11/28/148032811664507.png]
[i2.17173cdn.com/7m10xk/YWxqaGBf/2016/11/28/148032810763257.png]
[i1.17173cdn.com/7m10xk/YWxqaGBf/2016/11/28/148032809916239.png]
[i2.17173cdn.com/7m10xk/YWxqaGBf/2016/12/08/148121007444357.png]
[i2.17173cdn.com/7m10xk/YWxqaGBf/2016/12/08/148120352382754.png]
[i2.17173cdn.com/7m10xk/YWxqaGBf/2016/12/08/148121145889431.jpg]
[i3.17173cdn.com/7m10xk/YWxqaGBf/2016/12/08/148120039317107.png]
[i3.17173cdn.com/7m10xk/YWxqaGBf/2016/12/11/148143656765245.jpg]
[i1.17173cdn.com/7m10xk/YWxqaGBf/2016/12/11/148143594725518.png]
[i1.17173cdn.com/7m10xk/YWxqaGBf/2016/12/11/148143351714958.jpg]
[i2.17173cdn.com/7m10xk/YWxqaGBf/2016/12/11/148143352942561.jpg]
[i3.17173cdn.com/7m10xk/YWxqaGBf/2016/12/11/148143355621703.jpg]
[i2.17173cdn.com/7m10xk/YWxqaGBf/2016/12/11/148143357438711.jpg]
[i1.17173cdn.com/7m10xk/YWxqaGBf/2016/06/24/146673790784923.jpg]
[i1.17173cdn.com/7m10xk/YWxqaGBf/2016/06/23/146668163386191.jpg]
[i3.17173cdn.com/7m10xk/YWxqaGBf/2016/06/30/146727422459120.jpg]
[i3.17173cdn.com/7m10xk/YWxqaGBf/2016/06/24/146676983928118.jpg]
[i3.17173cdn.com/7m10xk/YWxqaGBf/2016/06/30/146727416151496.jpg]
[i2.17173cdn.com/7m10xk/YWxqaGBf/2016/06/24/146675524590021.png]
[i2.17173cdn.com/7m10xk/YWxqaGBf/2016/06/24/146675526443155.png]
[i3.17173cdn.com/7m10xk/YWxqaGBf/2016/07/21/146903264679774.jpg]
[i2.17173cdn.com/7m10xk/YWxqaGBf/2016/07/21/146908508883787.png]
[d24wuq6o951i2g.cloudfront.net/img/events/id/256/2564080/assets/1ee.MAP_GZ.png]
[i1.17173cdn.com/7m10xk/YWxqaGBf/2016/07/21/146908555879877.png]
[i1.17173cdn.com/7m10xk/YWxqaGBf/2016/07/21/146908584042817.png]
[i2.17173cdn.com/7m10xk/YWxqaGBf/2016/07/21/146908584059354.png]
[i1.17173cdn.com/7m10xk/YWxqaGBf/2016/07/21/146908584064200.png]
[i1.17173cdn.com/7m10xk/YWxqaGBf/2016/07/21/146908584012103.png]
[i2.17173cdn.com/7m10xk/YWxqaGBf/2016/07/21/146908584074305.png]
[i2.17173cdn.com/7m10xk/YWxqaGBf/2016/07/21/146908584023658.png]
[i1.17173cdn.com/7m10xk/YWxqaGBf/2016/07/21/146908584013275.png]
[i3.17173cdn.com/7m10xk/YWxqaGBf/2016/07/21/146908584017540.png]
[i2.17173cdn.com/7m10xk/YWxqaGBf/2016/07/21/146908584078782.png]
[i2.17173cdn.com/7m10xk/YWxqaGBf/2016/07/21/146908584012562.png]
[i3.17173cdn.com/7m10xk/YWxqaGBf/2016/07/21/146908584084502.png]
[i2.17173cdn.com/7m10xk/YWxqaGBf/2016/07/21/146908584023571.png]
[i1.17173cdn.com/7m10xk/YWxqaGBf/2016/07/21/146908584186093.png]
[i2.17173cdn.com/7m10xk/YWxqaGBf/2016/07/21/146908584169702.png]
[i2.17173cdn.com/7m10xk/YWxqaGBf/2016/07/21/146908584114433.png]
[i1.17173cdn.com/7m10xk/YWxqaGBf/2016/07/21/146908584149928.png]
[i2.17173cdn.com/7m10xk/YWxqaGBf/2016/07/21/146908584159530.png]
[i3.17173cdn.com/7m10xk/YWxqaGBf/2016/07/21/146908584166795.png]
[i3.17173cdn.com/7m10xk/YWxqaGBf/2016/07/21/146908584120988.png]
[i3.17173cdn.com/7m10xk/YWxqaGBf/2016/07/21/146908584156724.png]
[i1.17173cdn.com/7m10xk/YWxqaGBf/2016/07/21/146908584181150.png]
[i2.17173cdn.com/7m10xk/YWxqaGBf/2016/07/21/146908584124778.png]
[i3.17173cdn.com/7m10xk/YWxqaGBf/2016/07/27/146960916045154.png]
[i3.17173cdn.com/7m10xk/YWxqaGBf/2016/07/27/146960921347594.png]
[i3.17173cdn.com/7m10xk/YWxqaGBf/2016/08/22/147179754238629.jpg]
[i3.17173cdn.com/7m10xk/YWxqaGBf/2016/08/02/147013303516854.jpg]
[i2.17173cdn.com/7m10xk/YWxqaGBf/2016/08/02/147013431549311.png]
[i3.17173cdn.com/7m10xk/YWxqaGBf/2016/08/02/147013432062343.png]
[i3.17173cdn.com/7m10xk/YWxqaGBf/2016/08/02/147013432560581.png]
[i1.17173cdn.com/7m10xk/YWxqaGBf/2016/08/02/147013433047192.png]
[i2.17173cdn.com/7m10xk/YWxqaGBf/2016/08/02/147013433743606.png]
[i1.17173cdn.com/7m10xk/YWxqaGBf/2016/08/02/147013434145167.png]
[i1.17173cdn.com/7m10xk/YWxqaGBf/2016/08/02/147013434616433.png]
[i3.17173cdn.com/7m10xk/YWxqaGBf/2016/08/02/147013435587856.png]
[i2.17173cdn.com/7m10xk/YWxqaGBf/2016/08/02/147013435990692.png]
[i3.17173cdn.com/7m10xk/YWxqaGBf/2016/08/02/147013436648811.png]
[i3.17173cdn.com/7m10xk/YWxqaGBf/2016/08/02/147013437183525.png]
[i1.17173cdn.com/7m10xk/YWxqaGBf/2016/08/02/147013438383476.png]
[i1.17173cdn.com/7m10xk/YWxqaGBf/2016/08/02/147013438764407.png]
[i2.17173cdn.com/7m10xk/YWxqaGBf/2016/08/02/147013439463139.png]
[i1.17173cdn.com/7m10xk/YWxqaGBf/2016/08/02/147013439824308.png]
[i3.17173cdn.com/7m10xk/YWxqaGBf/2016/08/02/147013440233573.png]
[i3.17173cdn.com/7m10xk/YWxqaGBf/2016/08/02/147013440975425.png]
[i1.17173cdn.com/7m10xk/YWxqaGBf/2016/08/02/147013441386108.png]
[i2.17173cdn.com/7m10xk/YWxqaGBf/2016/08/02/147013441710952.png]
[i1.17173cdn.com/7m10xk/YWxqaGBf/2016/08/02/147013442172486.png]
[i2.17173cdn.com/7m10xk/YWxqaGBf/2016/08/01/147004816711759.jpg]
[i3.17173cdn.com/7m10xk/YWxqaGBf/2016/08/01/147004822298516.jpg]
[i2.17173cdn.com/7m10xk/YWxqaGBf/2016/08/22/147184624032688.png]
[i2.17173cdn.com/7m10xk/YWxqaGBf/2017/10/10/150762031757307.jpg]
[i1.17173cdn.com/7m10xk/YWxqaGBf/2017/10/10/150762010282222.jpg]
[i3.17173cdn.com/7m10xk/YWxqaGBf/2017/10/10/150762010379660.jpg]
[i2.17173cdn.com/7m10xk/YWxqaGBf/2017/10/10/150762015485411.jpg]
[i1.17173cdn.com/7m10xk/YWxqaGBf/2017/10/10/150762015564160.jpg]
[i3.17173cdn.com/7m10xk/YWxqaGBf/2017/08/07/150207019612753.jpg]
[i2.17173cdn.com/7m10xk/YWxqaGBf/2017/08/07/150207019683273.jpg]
[i2.17173cdn.com/7m10xk/YWxqaGBf/2017/09/26/150639264658381.jpg]
[i1.17173cdn.com/7m10xk/YWxqaGBf/2017/07/31/150149017947123.jpg]
[i3.17173cdn.com/7m10xk/YWxqaGBf/2016/08/08/147064711714685.png]
[i3.17173cdn.com/7m10xk/YWxqaGBf/2016/08/08/147064742519300.png]
[i3.17173cdn.com/7m10xk/YWxqaGBf/2017/11/14/151062192368430.jpg]
[i3.17173cdn.com/7m10xk/YWxqaGBf/2017/11/14/151062180483265.jpg]
[i2.17173cdn.com/7m10xk/YWxqaGBf/2017/11/14/151062192368430.jpg]
[i2.17173cdn.com/7m10xk/YWxqaGBf/2017/11/20/151114266590617.jpg]
[i3.17173cdn.com/7m10xk/YWxqaGBf/2017/11/20/151114272615896.jpg]
[i2.17173cdn.com/7m10xk/YWxqaGBf/2017/11/20/151114274644271.jpg]
[i3.17173cdn.com/7m10xk/YWxqaGBf/2017/11/20/151114277265162.jpg]
[i1.17173cdn.com/7m10xk/YWxqaGBf/2017/08/21/150330290680882.png]
[i1.17173cdn.com/7m10xk/YWxqaGBf/2017/12/05/151243898036721.jpg]
[i1.17173cdn.com/7m10xk/YWxqaGBf/2017/12/06/151254513415129.jpg]
[i3.17173cdn.com/7m10xk/YWxqaGBf/2017/11/17/151090201379647.png]
[i3.17173cdn.com/7m10xk/YWxqaGBf/2017/12/11/151298311768544.jpg]
[i3.17173cdn.com/7m10xk/YWxqaGBf/2017/12/11/151298296926403.jpg]
[i2.17173cdn.com/7m10xk/YWxqaGBf/2017/12/11/151298319163990.jpg]
[i2.17173cdn.com/7m10xk/YWxqaGBf/2017/12/11/151298332048860.jpg]
[i3.17173cdn.com/7m10xk/YWxqaGBf/2017/12/11/151298337583457.jpg]
[i3.17173cdn.com/7m10xk/YWxqaGBf/2017/12/11/151298346169567.jpg]
[i1.17173cdn.com/7m10xk/YWxqaGBf/2017/12/11/151298349884104.jpg]
[i2.17173cdn.com/7m10xk/YWxqaGBf/2017/12/11/151298353727699.png]
[i2.17173cdn.com/7m10xk/YWxqaGBf/2017/12/11/151298357670025.jpg]
[i1.17173cdn.com/7m10xk/YWxqaGBf/2017/12/11/151298365250230.jpg]
[i3.17173cdn.com/7m10xk/YWxqaGBf/2017/12/11/151298369595167.jpg]
[i2.17173cdn.com/7m10xk/YWxqaGBf/2017/12/11/151298375351176.jpg]
[i3.17173cdn.com/7m10xk/YWxqaGBf/2017/12/11/151298380113830.jpg]
[i2.17173cdn.com/7m10xk/YWxqaGBf/2017/12/11/151298383735946.jpg]
[i3.17173cdn.com/7m10xk/YWxqaGBf/2017/12/11/151298386990987.jpg]
[i2.17173cdn.com/7m10xk/YWxqaGBf/2017/12/11/151298391683241.jpg]
[i3.17173cdn.com/7m10xk/YWxqaGBf/2017/12/11/151298395216563.jpg]
[i1.17173cdn.com/7m10xk/YWxqaGBf/2017/12/11/151298405962754.jpg]
[i3.17173cdn.com/7m10xk/YWxqaGBf/2017/12/11/151298409418149.jpg]
[imgcache.qq.com/tencentvideo_v1/playerv3/TPoutafa9.swf]
[i1.17173cdn.com/7m10xk/YWxqaGBf/2017/12/06/151255682859196.png]
[i1.17173cdn.com/7m10xk/YWxqaGBf/2017/12/10/151287072091829.jpg]
[i2.17173cdn.com/7m10xk/YWxqaGBf/2017/12/10/151287075595505.jpg]
[i1.17173cdn.com/7m10xk/YWxqaGBf/2017/12/10/151287082358525.jpg]
[i2.17173cdn.com/7m10xk/YWxqaGBf/2017/12/10/151287084662072.jpeg]
[i1.17173cdn.com/7m10xk/YWxqaGBf/2017/12/10/151287090589490.jpg]
[i1.17173cdn.com/7m10xk/YWxqaGBf/2017/05/26/149580857394272.png]
[i2.17173cdn.com/7m10xk/YWxqaGBf/2017/05/26/149580861524009.png]
[i3.17173cdn.com/7m10xk/YWxqaGBf/2017/05/26/149581134050880.png]
[i3.17173cdn.com/7m10xk/YWxqaGBf/2017/05/26/149581170427205.png]
[i2.17173cdn.com/7m10xk/YWxqaGBf/2017/05/26/149581172640708.png]
[i1.17173cdn.com/7m10xk/YWxqaGBf/2017/05/26/149581174378347.png]
[i1.17173cdn.com/7m10xk/YWxqaGBf/2017/05/26/149581175669432.png]
[i2.17173cdn.com/7m10xk/YWxqaGBf/2017/05/11/149443900845011.png]
[i3.17173cdn.com/7m10xk/YWxqaGBf/2017/05/11/149446223344254.png]
[i3.17173cdn.com/7m10xk/YWxqaGBf/2017/06/08/149693008363084.png]
[i2.17173cdn.com/7m10xk/YWxqaGBf/2017/06/01/149631465031486.png]
[i1.17173cdn.com/7m10xk/YWxqaGBf/2017/06/01/149631444632661.png]
[i2.17173cdn.com/7m10xk/YWxqaGBf/2017/06/04/149657962597263.png]
[i3.17173cdn.com/7m10xk/YWxqaGBf/2017/06/04/149657963436108.png]
[i1.17173cdn.com/7m10xk/YWxqaGBf/2017/06/04/149657964264117.png]
[i1.17173cdn.com/7m10xk/YWxqaGBf/2017/06/04/149657964932677.png]
[i3.17173cdn.com/7m10xk/YWxqaGBf/2017/06/04/149657965856658.png]
[i2.17173cdn.com/7m10xk/YWxqaGBf/2017/06/04/149657966727469.png]
[i3.17173cdn.com/7m10xk/YWxqaGBf/2017/06/03/149648209474373.png]
[i1.17173cdn.com/7m10xk/YWxqaGBf/2017/07/04/149917774995570.png]
[i2.17173cdn.com/7m10xk/YWxqaGBf/2017/07/04/149917755576731.png]
[i3.17173cdn.com/7m10xk/YWxqaGBf/2017/07/04/149917783252138.png]
[i1.17173cdn.com/7m10xk/YWxqaGBf/2017/07/10/149968259215439.jpg]
[i1.17173cdn.com/7m10xk/YWxqaGBf/2017/07/10/149968259378158.jpg]
[i2.17173cdn.com/7m10xk/YWxqaGBf/2017/07/10/149968259323976.jpg]
[i3.17173cdn.com/7m10xk/YWxqaGBf/2017/07/10/149968259425956.jpg]
[i1.17173cdn.com/7m10xk/YWxqaGBf/2017/07/10/149968259446662.jpg]
[i2.17173cdn.com/7m10xk/YWxqaGBf/2017/07/10/149968259573668.jpg]
[i2.17173cdn.com/7m10xk/YWxqaGBf/2017/07/31/150146878870618.jpg]
[static.hdslb.com/miniloader.swf]
[i3.17173cdn.com/7m10xk/YWxqaGBf/2017/07/31/150143127122986.png]
[i1.17173cdn.com/7m10xk/YWxqaGBf/2017/08/02/150163655887163.jpg]
[i1.17173cdn.com/7m10xk/YWxqaGBf/2017/08/01/150157661244755.jpg]
[imgcache.qq.com/tencentvideo_v1/playerv3/TPout9bce.swf]
[i1.17173cdn.com/7m10xk/YWxqaGBf/2017/08/01/150157663015164.jpg]
[i3.17173cdn.com/7m10xk/YWxqaGBf/2017/08/01/150157505482965.jpg]
[i2.17173cdn.com/7m10xk/YWxqaGBf/2017/08/01/150157507130091.jpg]
[i3.17173cdn.com/7m10xk/YWxqaGBf/2017/08/01/150157579387058.png]
[i3.17173cdn.com/7m10xk/YWxqaGBf/2017/08/01/150157581651002.jpg]
[i3.17173cdn.com/7m10xk/YWxqaGBf/2017/08/01/150157583825516.jpg]
[i3.17173cdn.com/7m10xk/YWxqaGBf/2017/08/01/150157586015196.jpg]
[i1.17173cdn.com/7m10xk/YWxqaGBf/2017/08/01/150157687294611.jpg]
[i1.17173cdn.com/7m10xk/YWxqaGBf/2017/08/01/150157592374556.jpg]
