[mdc.17173.com/index.html]
[backblue.gif]
[fade.gif]
[index.html]
[mdc.17173.com/static/favicon.ico]
[mdc.17173.com/static/images/about-bio.jpg]
[mdc.17173.com/static/images/pic-niantic.png]
[mdc.17173.com/static/images/index-wuxi.jpg]
[mdc.17173.com/oldAct.html]
[mdc.17173.com/wuxi2018.html]
[mdc.17173.com/futureAct.html]
[mdc.17173.com/static/images/pic-17173.png]
[mdc.17173.com/bio/wuxi2018.html]
[mdc.17173.com/index.html]
[mdc.17173.com/static/css/style-v2.css]
[js.17173.com/ping.js]
[mdc.17173.com/oldAct.html]
[mdc.17173.com/wuxi2018.html]
[mdc.17173.com/futureAct.html]
[log.17173.com/ping.gif]
[mdc.17173.com/static/js/utils.js]
[mdc.17173.com/static/images/wrap-v2.png]
[mdc.17173.com/static/images/body-v2.png]
[mdc.17173.com/bio/wuxi2018.html]
[mdc.17173.com/static/images/head-v2.png]
[mdc.17173.com/static/images/ico-v2.png]
[mdc.17173.com/static/images/about-ingress-v2.png]
[mdc.17173.com/static/images/about-md-v2.png]
[mdc.17173.com/static/js/jquery-1.8.3.min.js]
[mdc.17173.com/static/images/index-bio.png]
[mdc.17173.com/static/images/box-v2.png]
[mdc.17173.com/static/images/card-v2.png]
[mdc.17173.com/static/js/jquery-1.8.3.min.js]
[mdc.17173.com/static/js/utils.js]
[mdc.17173.com/static/images/card-v2-ie6.png]
[mdc.17173.com/static/images/ico2-v2.png]
[mdc.17173.com/static/images/apply-v2.png]
[mdc.17173.com/static/images/map.png]
[mdc.17173.com/static/images/old-city-wuxi.png]
[mdc.17173.com/static/images/old-city-xiamen.png]
[mdc.17173.com/xiamen2017.html]
[mdc.17173.com/fuzhou2017.html]
[mdc.17173.com/xiamen2017.html]
[mdc.17173.com/static/images/old-city-fuzhou.png]
[mdc.17173.com/72]
[mdc.17173.com/chongqing2017.html]
[mdc.17173.com/fuzhou2017.html]
[mdc.17173.com/static/images/old-city-chongqing.png]
[mdc.17173.com/chongqing2017.html]
[mdc.17173.com/static/images/old-city-chengdu.png]
[mdc.17173.com/chengdu2017.html]
[mdc.17173.com/static/images/old-city-suzhou.png]
[mdc.17173.com/static/images/old-city-dalian.png]
[mdc.17173.com/suzhou2017.html]
[mdc.17173.com/dalian2017.html]
[mdc.17173.com/42]
[mdc.17173.com/jinan2017.html]
[mdc.17173.com/chengdu2017.html]
[mdc.17173.com/static/images/old-city-jinan.png]
[i2.17173cdn.com/7m10xk/YWxqaGBf/2017/06/01/149628682952104.jpg]
[mdc.17173.com/suzhou2017.html]
[mdc.17173.com/hangzhou2016.html]
[mdc.17173.com/static/images/old-city-hangzhou.jpg]
[mdc.17173.com/54]
[mdc.17173.com/shenzhen2016.html]
[mdc.17173.com/static/images/old-city-shenzhen.jpg]
[mdc.17173.com/static/images/old-city-beijing.jpg]
[mdc.17173.com/beijing2016.html]
[mdc.17173.com/55]
[mdc.17173.com/56]
[mdc.17173.com/guangzhou2016.html]
[mdc.17173.com/static/images/old-city-guangzhou.jpg]
[mdc.17173.com/57]
[mdc.17173.com/58]
[mdc.17173.com/dalian2017.html]
[mdc.17173.com/shanghai2016.html]
[mdc.17173.com/static/images/old-city-shanghai.jpg]
[mdc.17173.com/nanjing2016.html]
[mdc.17173.com/static/images/old-city-nanjing.jpg]
[i1.17173cdn.com/7m10xk/YWxqaGBf/2017/07/17/150028399130903.jpg]
[i1.17173cdn.com/7m10xk/YWxqaGBf/2017/07/17/150028250337472.jpg]
[mdc.17173.com/jinan2017.html]
[mdc.17173.com/static/js/jquery.colorAnimations.js]
[mdc.17173.com/30.2e.delayed]
[mdc.17173.com/hangzhou2016.html]
[mdc.17173.com/article/info-6496.html]
[mdc.17173.com/lists/wuxi20183994.html]
[mdc.17173.com/36]
[mdc.17173.com/lists/wuxi2018198f.html]
[mdc.17173.com/shenzhen2016.html]
[mdc.17173.com/lists/wuxi2018beca.html]
[mdc.17173.com/lists/wuxi2018fe29.html]
[i1.17173cdn.com/7m10xk/YWxqaGBf/2016/06/24/146676417776670.jpg]
[mdc.17173.com/beijing2016.html]
[mdc.17173.com/article/info-6498.html]
[i1.17173cdn.com/7m10xk/YWxqaGBf/2018/02/28/151981023482705.jpg]
[mdc.17173.com/89.html]
[mdc.17173.com/12]
[mdc.17173.com/13]
[mdc.17173.com/88.html]
[mdc.17173.com/87.html]
[mdc.17173.com/15]
[mdc.17173.com/16]
[mdc.17173.com/guangzhou2016.html]
[mdc.17173.com/shanghai2016.html]
[i3.17173cdn.com/7m10xk/YWxqaGBf/2016/08/22/147185573177323.jpg]
[mdc.17173.com/nanjing2016.html]
[mdc.17173.com/86.html]
[mdc.17173.com/85.html]
[mdc.17173.com/work.html]
[mdc.17173.com/static/css/style_2.css]
[mdc.17173.com/static/images/side_01.jpg]
[mdc.17173.com/static/js/simply-alert/simply-toast.min.css]
[mdc.17173.com/static/js/jquery.colorAnimations.js]
[mdc.17173.com/static/images/link-niantic.png]
[mdc.17173.com/static/images/link-17173.png]
[mdc.17173.com/static/js/simply-alert/simply-toast.min.js]
[mdc.17173.com/static/js/page_2.js]
[ue8.17173.itc.cn/a/lib/passport-2.0/passport.js]
[mdc.17173.com/static/js/login.js]
[mdc.17173.com/static/js/common.js]
[mdc.17173.com/static/index.html]
[mdc.17173.com/article/info-6496.html]
[mdc.17173.com/lists/wuxi20183994.html]
[mdc.17173.com/电子邮箱.html]
[mdc.17173.com/请在这里写下您的想法.html]
[mdc.17173.com/bio/chongqing2017.html]
[mdc.17173.com/bio/fuzhou2017.html]
[mdc.17173.com/lists/wuxi2018beca.html]
[mdc.17173.com/bio/xiamen2017.html]
[mdc.17173.com/bio/jinan2017.html]
[mdc.17173.com/bio/dalian2017.html]
[mdc.17173.com/lists/wuxi2018198f.html]
[mdc.17173.com/lists/wuxi2018fe29.html]
[mdc.17173.com/bio/suzhou2017.html]
[mdc.17173.com/bio/chengdu2017.html]
[mdc.17173.com/bio/shenzhen2016.html]
[mdc.17173.com/bio/hangzhou2016.html]
[mdc.17173.com/article/info-6498.html]
[mdc.17173.com/bio/nanjing2016.html]
[mdc.17173.com/89.html]
[mdc.17173.com/88.html]
[mdc.17173.com/87.html]
[mdc.17173.com/86.html]
[mdc.17173.com/bio/shanghai2016.html]
[mdc.17173.com/85.html]
[mdc.17173.com/bio/guangzhou2016.html]
[mdc.17173.com/work.html]
[mdc.17173.com/static/js/page_2.js]
[mdc.17173.com/static/js/article.js]
[mdc.17173.com/请在这里写下您的想法.html]
[mdc.17173.com/电子邮箱.html]
[mdc.17173.com/bio/chongqing2017.html]
[mdc.17173.com/bio/fuzhou2017.html]
[mdc.17173.com/bio/xiamen2017.html]
[mdc.17173.com/bio/jinan2017.html]
[mdc.17173.com/bio/dalian2017.html]
[mdc.17173.com/bio/suzhou2017.html]
[mdc.17173.com/bio/chengdu2017.html]
[mdc.17173.com/bio/shenzhen2016.html]
[mdc.17173.com/bio/hangzhou2016.html]
[mdc.17173.com/bio/nanjing2016.html]
[mdc.17173.com/bio/shanghai2016.html]
[mdc.17173.com/bio/guangzhou2016.html]
[mdc.17173.com/static/js/bio.js]
[mdc.17173.com/article/info-6327.html]
[mdc.17173.com/bio/beijing2016.html]
[mdc.17173.com/lists/xiamen201763b3.html]
[mdc.17173.com/lists/xiamen201705b2.html]
[mdc.17173.com/bio/beijing2016.html]
[mdc.17173.com/static/js/bio.js]
[mdc.17173.com/article/info-6327.html]
[mdc.17173.com/lists/xiamen201763b3.html]
[mdc.17173.com/lists/xiamen201705b2.html]
[mdc.17173.com/lists/xiamen2017fbb0.html]
[mdc.17173.com/lists/xiamen2017fbb0.html]
[mdc.17173.com/lists/xiamen2017a956.html]
[mdc.17173.com/article/info-6326.html]
[i3.17173cdn.com/7m10xk/YWxqaGBf/2017/08/21/150329082845194.jpg]
[mdc.17173.com/66.html]
[mdc.17173.com/67.html]
[mdc.17173.com/68.html]
[mdc.17173.com/69.html]
[mdc.17173.com/70.html]
[i1.17173cdn.com/7m10xk/YWxqaGBf/2017/10/11/150771153336490.jpg]
[i2.17173cdn.com/7m10xk/YWxqaGBf/2017/10/11/150771153330713.jpg]
[mdc.17173.com/article/info-6405.html]
[mdc.17173.com/lists/fuzhou20172cd7.html]
[mdc.17173.com/lists/fuzhou2017e621.html]
[mdc.17173.com/lists/fuzhou2017e692.html]
[mdc.17173.com/lists/fuzhou2017809d.html]
[i2.17173cdn.com/7m10xk/YWxqaGBf/2017/07/17/150028399130903.jpg]
[mdc.17173.com/article/info-6404.html]
[i2.17173cdn.com/7m10xk/YWxqaGBf/2017/10/25/150892948030190.jpg]
[mdc.17173.com/72.html]
[mdc.17173.com/73.html]
[mdc.17173.com/74.html]
[mdc.17173.com/75.html]
[mdc.17173.com/76.html]
[mdc.17173.com/article/info-6487.html]
[i1.17173cdn.com/7m10xk/YWxqaGBf/2017/11/20/151114338883568.jpg]
[mdc.17173.com/article/info-6488.html]
[mdc.17173.com/lists/chongqing201704c1.html]
[mdc.17173.com/lists/chongqing201743cd.html]
[mdc.17173.com/lists/chongqing2017d7c4.html]
[mdc.17173.com/lists/chongqing2017e0e7.html]
[mdc.17173.com/article/info-6490.html]
[i2.17173cdn.com/7m10xk/YWxqaGBf/2017/12/05/151244050895414.jpg]
[mdc.17173.com/article/info-6495.html]
[i3.17173cdn.com/7m10xk/YWxqaGBf/2017/12/11/151298414620817.jpg]
[mdc.17173.com/article/info-6491.html]
[i3.17173cdn.com/7m10xk/YWxqaGBf/2017/12/06/151255716146604.jpg]
[mdc.17173.com/78.html]
[mdc.17173.com/79.html]
[mdc.17173.com/80.html]
[mdc.17173.com/81.html]
[mdc.17173.com/82.html]
[i1.17173cdn.com/7m10xk/YWxqaGBf/2017/12/25/151417179786510.jpg]
[i2.17173cdn.com/7m10xk/YWxqaGBf/2017/12/25/151417179791059.jpg]
[mdc.17173.com/article/info-6493.html]
[i2.17173cdn.com/7m10xk/YWxqaGBf/2017/12/10/151287127629812.jpg]
[mdc.17173.com/article/info-5900.html]
[mdc.17173.com/lists/chengdu20171eb7.html]
[mdc.17173.com/lists/chengdu201775d3.html]
[mdc.17173.com/lists/chengdu20176fb9.html]
[mdc.17173.com/lists/chengdu2017431f.html]
[mdc.17173.com/article/info-5908.html]
[i3.17173cdn.com/7m10xk/YWxqaGBf/2017/03/21/149006873520255.jpg]
[mdc.17173.com/article/info-5907.html]
[i3.17173cdn.com/7m10xk/YWxqaGBf/2017/03/21/149006386386636.jpg]
[i2.17173cdn.com/7m10xk/YWxqaGBf/2016/08/08/147064793057593.jpg]
[mdc.17173.com/42.html]
[mdc.17173.com/43.html]
[mdc.17173.com/44.html]
[mdc.17173.com/45.html]
[mdc.17173.com/46.html]
[mdc.17173.com/article/info-5904.html]
[mdc.17173.com/article/info-5905.html]
[mdc.17173.com/article/info-6177.html]
[mdc.17173.com/lists/suzhou2017536c.html]
[mdc.17173.com/lists/suzhou20177fdd.html]
[mdc.17173.com/lists/suzhou20176e30.html]
[mdc.17173.com/lists/suzhou20174995.html]
[mdc.17173.com/article/info-6173.html]
[i1.17173cdn.com/7m10xk/YWxqaGBf/2017/06/01/149628670749938.jpg]
[mdc.17173.com/article/info-6175.html]
[i2.17173cdn.com/7m10xk/YWxqaGBf/2017/06/01/149628697122157.jpg]
[mdc.17173.com/article/info-6194.html]
[i2.17173cdn.com/7m10xk/YWxqaGBf/2017/06/04/149657976740828.jpg]
[mdc.17173.com/article/info-6193.html]
[i2.17173cdn.com/7m10xk/YWxqaGBf/2017/06/03/149648241250545.jpg]
[mdc.17173.com/48.html]
[mdc.17173.com/49.html]
[mdc.17173.com/50.html]
[mdc.17173.com/51.html]
[mdc.17173.com/52.html]
[i1.17173cdn.com/7m10xk/YWxqaGBf/2017/08/05/150190798677523.jpg]
[i3.17173cdn.com/7m10xk/YWxqaGBf/2017/08/05/150190798725609.jpg]
[mdc.17173.com/article/info-6226.html]
[mdc.17173.com/lists/dalian2017536c.html]
[mdc.17173.com/lists/dalian20177fdd.html]
[mdc.17173.com/lists/dalian20176e30.html]
[mdc.17173.com/lists/dalian20174995.html]
[mdc.17173.com/article/info-6228.html]
[i1.17173cdn.com/7m10xk/YWxqaGBf/2017/06/15/149751523067251.jpg]
[mdc.17173.com/article/info-6227.html]
[i1.17173cdn.com/7m10xk/YWxqaGBf/2017/06/15/149751544969845.jpg]
[i1.17173cdn.com/7m10xk/YWxqaGBf/2017/06/01/149628697122157.jpg]
[mdc.17173.com/54.html]
[mdc.17173.com/55.html]
[mdc.17173.com/56.html]
[mdc.17173.com/57.html]
[mdc.17173.com/58.html]
[mdc.17173.com/article/info-6277.html]
[i2.17173cdn.com/7m10xk/YWxqaGBf/2017/07/10/149968420986976.jpg]
[mdc.17173.com/article/info-6289.html]
[mdc.17173.com/lists/jinan201716f0.html]
[mdc.17173.com/lists/jinan20177575.html]
[mdc.17173.com/lists/jinan2017eed4.html]
[mdc.17173.com/lists/jinan201744c0.html]
[mdc.17173.com/article/info-6288.html]
[mdc.17173.com/article/info-6314.html]
[i2.17173cdn.com/7m10xk/YWxqaGBf/2017/08/02/150163669715563.jpg]
[mdc.17173.com/article/info-6312.html]
[i1.17173cdn.com/7m10xk/YWxqaGBf/2017/08/01/150157659533369.jpg]
[mdc.17173.com/60.html]
[mdc.17173.com/61.html]
[mdc.17173.com/62.html]
[mdc.17173.com/63.html]
[mdc.17173.com/64.html]
[i1.17173cdn.com/7m10xk/YWxqaGBf/2017/08/04/150183800474641.jpg]
[i3.17173cdn.com/7m10xk/YWxqaGBf/2017/08/04/150183800448393.jpg]
[mdc.17173.com/article/info-5429.html]
[mdc.17173.com/lists/hangzhou20166101.html]
[mdc.17173.com/lists/hangzhou2016d5d3.html]
[mdc.17173.com/lists/hangzhou2016d6de.html]
[mdc.17173.com/lists/hangzhou20165b8e.html]
[mdc.17173.com/article/info-5430.html]
[i2.17173cdn.com/7m10xk/YWxqaGBf/2016/11/28/148030398440401.jpg]
[mdc.17173.com/article/info-5431.html]
[i3.17173cdn.com/7m10xk/YWxqaGBf/2016/11/28/148030462682330.jpg]
[mdc.17173.com/article/info-5432.html]
[i2.17173cdn.com/7m10xk/YWxqaGBf/2016/11/27/148025264535646.jpg]
[mdc.17173.com/article/info-5476.html]
[i3.17173cdn.com/7m10xk/YWxqaGBf/2016/11/29/148041391952811.jpg]
[mdc.17173.com/30.html]
[mdc.17173.com/31.html]
[mdc.17173.com/32.html]
[mdc.17173.com/33.html]
[mdc.17173.com/34.html]
[i3.17173cdn.com/7m10xk/YWxqaGBf/2016/12/06/148099200056894.jpg]
[i2.17173cdn.com/7m10xk/YWxqaGBf/2016/12/06/148099200064817.jpg]
[mdc.17173.com/article/info-5444.html]
[i2.17173cdn.com/7m10xk/YWxqaGBf/2016/11/28/148032919832329.jpg]
[mdc.17173.com/article/info-5500.html]
[mdc.17173.com/lists/shenzhen2016d5c6.html]
[mdc.17173.com/lists/shenzhen20166cb4.html]
[mdc.17173.com/lists/shenzhen20162534.html]
[mdc.17173.com/lists/shenzhen20168b97.html]
[mdc.17173.com/article/info-5523.html]
[i1.17173cdn.com/7m10xk/YWxqaGBf/2016/12/08/148119919715455.jpg]
[mdc.17173.com/article/info-5525.html]
[i2.17173cdn.com/7m10xk/YWxqaGBf/2016/12/08/148120011587576.jpg]
[i1.17173cdn.com/7m10xk/YWxqaGBf/2016/12/01/148058697836105.jpg]
[mdc.17173.com/article/info-5524.html]
[i1.17173cdn.com/7m10xk/YWxqaGBf/2016/12/08/148120077861352.jpg]
[mdc.17173.com/article/info-5522.html]
[i2.17173cdn.com/7m10xk/YWxqaGBf/2016/12/08/148119886126369.jpg]
[mdc.17173.com/36.html]
[mdc.17173.com/37.html]
[mdc.17173.com/38.html]
[mdc.17173.com/39.html]
[mdc.17173.com/40.html]
[i3.17173cdn.com/7m10xk/YWxqaGBf/2016/12/29/148298227683990.jpg]
[i1.17173cdn.com/7m10xk/YWxqaGBf/2016/12/29/148298227634294.jpg]
[mdc.17173.com/article/info-5553.html]
[i2.17173cdn.com/7m10xk/YWxqaGBf/2016/12/11/148143861534113.jpg]
[mdc.17173.com/article/info-4465.html]
[mdc.17173.com/lists/beijing2016f6bb.html]
[mdc.17173.com/lists/beijing2016568c.html]
[mdc.17173.com/lists/beijing2016dcca.html]
[mdc.17173.com/lists/beijing201630ba.html]
[mdc.17173.com/article/info-4468.html]
[i2.17173cdn.com/7m10xk/YWxqaGBf/2016/07/05/146771249275805.jpg]
[i3.17173cdn.com/7m10xk/YWxqaGBf/2016/07/05/146771245779933.jpg]
[mdc.17173.com/article/info-4469.html]
[mdc.17173.com/article/info-4466.html]
[i3.17173cdn.com/7m10xk/YWxqaGBf/2016/06/24/146676784416310.jpg]
[mdc.17173.com/6.html]
[mdc.17173.com/7.html]
[mdc.17173.com/8.html]
[mdc.17173.com/9.html]
[mdc.17173.com/10.html]
[i1.17173cdn.com/7m10xk/YWxqaGBf/2016/12/06/148099204151103.jpg]
[i3.17173cdn.com/7m10xk/YWxqaGBf/2016/12/06/148099204129537.jpg]
[mdc.17173.com/article/info-4482.html]
[mdc.17173.com/article/info-4481.html]
[mdc.17173.com/article/info-4631.html]
[mdc.17173.com/article/info-4636.html]
[mdc.17173.com/lists/guangzhou2016c4da.html]
[mdc.17173.com/lists/guangzhou2016cd26.html]
[mdc.17173.com/lists/guangzhou2016f517.html]
[mdc.17173.com/lists/guangzhou20160c79.html]
[mdc.17173.com/article/info-4683.html]
[i1.17173cdn.com/7m10xk/YWxqaGBf/2016/07/21/146910048179320.jpg]
[mdc.17173.com/article/info-4776.html]
[i2.17173cdn.com/7m10xk/YWxqaGBf/2016/07/21/146909807457965.jpg]
[i1.17173cdn.com/7m10xk/YWxqaGBf/2016/07/08/146797647564141.jpg]
[mdc.17173.com/article/info-4784.html]
[i3.17173cdn.com/7m10xk/YWxqaGBf/2016/07/21/146908624468840.jpg]
[mdc.17173.com/article/info-4840.html]
[i2.17173cdn.com/7m10xk/YWxqaGBf/2016/07/27/146960936838078.jpg]
[mdc.17173.com/12.html]
[mdc.17173.com/13.html]
[mdc.17173.com/14.html]
[mdc.17173.com/15.html]
[mdc.17173.com/16.html]
[i1.17173cdn.com/7m10xk/YWxqaGBf/2016/12/06/148099197458296.jpg]
[i2.17173cdn.com/7m10xk/YWxqaGBf/2016/12/06/148099197428066.jpg]
[mdc.17173.com/article/info-4634.html]
[mdc.17173.com/article/info-4635.html]
[mdc.17173.com/article/info-4661.html]
[mdc.17173.com/article/info-4914.html]
[mdc.17173.com/lists/shanghai20165802.html]
[mdc.17173.com/lists/shanghai20167e56.html]
[mdc.17173.com/lists/shanghai201647a4.html]
[mdc.17173.com/lists/shanghai201656e6.html]
[mdc.17173.com/article/info-5017.html]
[i3.17173cdn.com/7m10xk/YWxqaGBf/2016/08/22/147179764549785.jpg]
[i1.17173cdn.com/7m10xk/YWxqaGBf/2016/08/03/147015463574033.jpg]
[mdc.17173.com/article/info-4911.html]
[i3.17173cdn.com/7m10xk/YWxqaGBf/2016/08/02/147013817914983.jpg]
[mdc.17173.com/article/info-4898.html]
[i3.17173cdn.com/7m10xk/YWxqaGBf/2016/08/02/147013820515551.jpg]
[mdc.17173.com/18.html]
[mdc.17173.com/19.html]
[mdc.17173.com/20.html]
[mdc.17173.com/21.html]
[mdc.17173.com/22.html]
[i2.17173cdn.com/7m10xk/YWxqaGBf/2016/12/06/148099183871084.jpg]
[i2.17173cdn.com/7m10xk/YWxqaGBf/2016/12/06/148099183920938.jpg]
[mdc.17173.com/article/info-4639.html]
[mdc.17173.com/article/info-4637.html]
[mdc.17173.com/article/info-4662.html]
[mdc.17173.com/article/info-4956.html]
[mdc.17173.com/lists/nanjing20168ed4.html]
[mdc.17173.com/lists/nanjing201639ff.html]
[mdc.17173.com/lists/nanjing20169242.html]
[mdc.17173.com/lists/nanjing20167bb9.html]
[mdc.17173.com/article/info-5023.html]
[mdc.17173.com/article/info-5022.html]
[i3.17173cdn.com/7m10xk/YWxqaGBf/2016/08/22/147184644910078.jpg]
[i3.17173cdn.com/7m10xk/YWxqaGBf/2016/08/08/147064793057593.jpg]
[mdc.17173.com/24.html]
[mdc.17173.com/25.html]
[mdc.17173.com/26.html]
[mdc.17173.com/27.html]
[mdc.17173.com/28.html]
[i1.17173cdn.com/7m10xk/YWxqaGBf/2016/12/02/148065260222546.jpg]
[i1.17173cdn.com/7m10xk/YWxqaGBf/2016/12/02/148065260321804.jpg]
[mdc.17173.com/article/info-4640.html]
[mdc.17173.com/article/info-4638.html]
[mdc.17173.com/article/info-4664.html]
[mdc.17173.com/static/images/body.png]
[mdc.17173.com/static/images/body-beijing2016.jpg]
[mdc.17173.com/static/images/body-detail-beijing2016.jpg]
[mdc.17173.com/static/images/body-guangzhou2016.jpg]
[mdc.17173.com/static/images/body-detail-guangzhou2016.jpg]
[mdc.17173.com/static/images/body-shanghai2016.jpg]
[mdc.17173.com/static/images/body-detail-shanghai2016.jpg]
[mdc.17173.com/static/images/body-nanjing2016.jpg]
[mdc.17173.com/static/images/body-detail-nanjing2016.jpg]
[mdc.17173.com/static/images/body-hangzhou2016.jpg]
[mdc.17173.com/static/images/body-detail-hangzhou2016.jpg]
[mdc.17173.com/static/images/body-shenzhen2016.jpg]
[mdc.17173.com/static/images/body-detail-shenzhen2016.jpg]
[mdc.17173.com/static/images/body-chengdu2017.jpg]
[mdc.17173.com/static/images/body-detail-chengdu2017.jpg]
[mdc.17173.com/static/images/body-suzhou2017.jpg]
[mdc.17173.com/static/images/body-detail-suzhou2017.jpg]
[mdc.17173.com/static/images/body-dalian2017.jpg]
[mdc.17173.com/static/images/body-detail-dalian2017.jpg]
[mdc.17173.com/static/images/body-jinan2017.jpg]
[mdc.17173.com/static/images/body-detail-jinan2017.jpg]
[mdc.17173.com/static/images/body-xiamen2017.jpg]
[mdc.17173.com/static/images/body-detail-xiamen2017.jpg]
[mdc.17173.com/static/images/body-fuzhou2017.jpg]
[mdc.17173.com/static/images/body-detail-fuzhou2017.jpg]
[mdc.17173.com/static/images/body-chongqing2017.jpg]
[mdc.17173.com/static/images/body-detail-chongqing2017.jpg]
[mdc.17173.com/static/images/body-wuxi2018.jpg]
[mdc.17173.com/static/images/body-detail-wuxi2018.jpg]
[mdc.17173.com/static/images/ico.png]
[mdc.17173.com/static/images/side.png]
[mdc.17173.com/static/images/card2-v2.png]
[mdc.17173.com/static/images/card2-v2-ie6.png]
[mdc.17173.com/static/images/share.png]
[mdc.17173.com/static/images/comment.png]
[mdc.17173.com/static/images/loading-1.gif]
[s.ue.17173cdn.com/a/lib/passport/v2/js/passport.js]
[s.ue.17173cdn.com/a/lib/passport/v2/js/default/script6412.js]
[s.ue.17173cdn.com/a/passport/v1/js/jquery.validate.js]
[s.ue.17173cdn.com/a/passport/v1/js/artDialog.min.js]
[s.ue.17173cdn.com/a/passport/v1/js/artDialog.plugins.js]
[s.ue.17173cdn.com/a/lib/passport-2.0/guide/script.js]
[s.ue.17173cdn.com/a/passport/v1/js/passport-script.js]
[mdc.17173.com/ie17173.com/client/index.html]
[mdc.17173.com/lists/89]
[mdc.17173.com/lists/88]
[mdc.17173.com/lists/87]
[mdc.17173.com/lists/86]
[mdc.17173.com/lists/85]
[mdc.17173.com/lists/84]
[i3.17173cdn.com/7m10xk/YWxqaGBf/2018/03/15/152109811953337.jpg]
[i1.17173cdn.com/7m10xk/YWxqaGBf/2018/03/15/152110161433777.png]
[mdc.17173.com/static/js/jquery.plugins/jquery-ui/jquery-ui.min.css]
[mdc.17173.com/static/js/jquery.plugins/jquery-ui/jquery-ui.min.js]
[mdc.17173.com/static/js/article_dataInfo.js]
[mdc.17173.com/static/js/comment.js]
[i1.17173cdn.com/7m10xk/YWxqaGBf/2017/12/25/151417300528914.jpg]
[i2.17173cdn.com/7m10xk/YWxqaGBf/2017/12/25/151417300528638.jpg]
[i2.17173cdn.com/7m10xk/YWxqaGBf/2017/12/25/151417282390468.jpg]
[i1.17173cdn.com/7m10xk/YWxqaGBf/2017/12/25/151417282320771.jpg]
[i1.17173cdn.com/7m10xk/YWxqaGBf/2017/12/25/151417199424226.jpg]
[i2.17173cdn.com/7m10xk/YWxqaGBf/2017/12/25/151417199421059.jpg]
[i3.17173cdn.com/7m10xk/YWxqaGBf/2017/12/15/151330246735309.jpg]
[i1.17173cdn.com/7m10xk/YWxqaGBf/2017/12/15/151330246772495.jpg]
[i3.17173cdn.com/7m10xk/YWxqaGBf/2017/10/11/150771028665382.jpg]
[i1.17173cdn.com/7m10xk/YWxqaGBf/2017/10/11/150771028688607.jpg]
[i1.17173cdn.com/7m10xk/YWxqaGBf/2017/10/10/150762089053130.jpg]
[i3.17173cdn.com/7m10xk/YWxqaGBf/2017/10/10/150762089190886.jpg]
[i1.17173cdn.com/7m10xk/YWxqaGBf/2017/10/10/150762075486066.jpg]
[i3.17173cdn.com/7m10xk/YWxqaGBf/2017/10/10/150762075573656.jpg]
[i3.17173cdn.com/7m10xk/YWxqaGBf/2017/10/10/150762099796308.jpg]
[i3.17173cdn.com/7m10xk/YWxqaGBf/2017/10/10/150762099893014.jpg]
[i2.17173cdn.com/7m10xk/YWxqaGBf/2017/09/26/150639131270097.jpg]
[i2.17173cdn.com/7m10xk/YWxqaGBf/2017/09/26/150639131237190.jpg]
[i3.17173cdn.com/7m10xk/YWxqaGBf/2017/10/10/150762122085777.jpg]
[i3.17173cdn.com/7m10xk/YWxqaGBf/2017/10/10/150762122034307.jpg]
[i2.17173cdn.com/7m10xk/YWxqaGBf/2017/10/10/150762135849238.jpg]
[i3.17173cdn.com/7m10xk/YWxqaGBf/2017/10/10/150762135930295.jpg]
[i1.17173cdn.com/7m10xk/YWxqaGBf/2017/10/11/150771099596321.jpg]
[i3.17173cdn.com/7m10xk/YWxqaGBf/2017/10/11/150771099520906.jpg]
[i3.17173cdn.com/7m10xk/YWxqaGBf/2017/10/10/150762057573313.jpg]
[i3.17173cdn.com/7m10xk/YWxqaGBf/2017/10/10/150762057594869.jpg]
[i2.17173cdn.com/7m10xk/YWxqaGBf/2017/10/10/150762050683696.jpg]
[i1.17173cdn.com/7m10xk/YWxqaGBf/2017/10/10/150762050633179.jpg]
[i3.17173cdn.com/7m10xk/YWxqaGBf/2017/10/10/150762047585154.jpg]
[i1.17173cdn.com/7m10xk/YWxqaGBf/2017/10/10/150762047537115.html]
[i1.17173cdn.com/7m10xk/YWxqaGBf/2017/10/10/150762043618385.html]
[i2.17173cdn.com/7m10xk/YWxqaGBf/2017/10/10/150762043650888.html]
[i1.17173cdn.com/7m10xk/YWxqaGBf/2017/10/10/150762036893096.html]
[i3.17173cdn.com/7m10xk/YWxqaGBf/2017/10/10/150762036825201.html]
[i3.17173cdn.com/7m10xk/YWxqaGBf/2017/10/10/150762031729104.html]
[i2.17173cdn.com/7m10xk/YWxqaGBf/2017/10/10/150762031757307.html]
[i1.17173cdn.com/7m10xk/YWxqaGBf/2017/10/10/150762010282222.html]
[i3.17173cdn.com/7m10xk/YWxqaGBf/2017/10/10/150762010379660.html]
[i2.17173cdn.com/7m10xk/YWxqaGBf/2017/10/10/150762015485411.html]
[i1.17173cdn.com/7m10xk/YWxqaGBf/2017/10/10/150762015564160.html]
[i3.17173cdn.com/7m10xk/YWxqaGBf/2017/08/07/150207019612753.html]
[i2.17173cdn.com/7m10xk/YWxqaGBf/2017/08/07/150207019683273.html]
[i3.17173cdn.com/7m10xk/YWxqaGBf/2016/12/29/148298309171117.html]
[i1.17173cdn.com/7m10xk/YWxqaGBf/2016/12/29/148298309297372.html]
[i1.17173cdn.com/7m10xk/YWxqaGBf/2016/12/29/148297919699018.html]
[i3.17173cdn.com/7m10xk/YWxqaGBf/2016/12/29/148297919654128.html]
[i1.17173cdn.com/7m10xk/YWxqaGBf/2016/12/02/148065121643875.html]
[i2.17173cdn.com/7m10xk/YWxqaGBf/2016/12/02/148065121699796.html]
[i1.17173cdn.com/7m10xk/YWxqaGBf/2016/12/02/148065084023982.html]
[i2.17173cdn.com/7m10xk/YWxqaGBf/2016/12/02/148065084067630.html]
[mdc.17173.com/lists/66.html]
[mdc.17173.com/lists/67.html]
[mdc.17173.com/lists/68.html]
[mdc.17173.com/lists/69.html]
[mdc.17173.com/lists/70.html]
[mdc.17173.com/lists/71.html]
[i3.17173cdn.com/7m10xk/YWxqaGBf/2017/09/26/150639275228906.html]
[i2.17173cdn.com/7m10xk/YWxqaGBf/2017/09/26/150639264658381.html]
[i1.17173cdn.com/7m10xk/YWxqaGBf/2017/07/31/150149017947123.html]
[i1.17173cdn.com/7m10xk/YWxqaGBf/2016/06/24/146673796073331.html]
[i3.17173cdn.com/7m10xk/YWxqaGBf/2016/08/08/147064711714685.html]
[i3.17173cdn.com/7m10xk/YWxqaGBf/2016/08/08/147064742519300.html]
[mdc.17173.com/lists/72.html]
[mdc.17173.com/lists/73.html]
[mdc.17173.com/lists/74.html]
[mdc.17173.com/lists/75.html]
[mdc.17173.com/lists/76.html]
[mdc.17173.com/lists/77.html]
[i3.17173cdn.com/7m10xk/YWxqaGBf/2017/11/14/151062192368430.html]
[i3.17173cdn.com/7m10xk/YWxqaGBf/2017/11/14/151062180483265.html]
[i2.17173cdn.com/7m10xk/YWxqaGBf/2017/11/14/151062192368430.html]
[i2.17173cdn.com/7m10xk/YWxqaGBf/2017/11/20/151114266590617.html]
[i3.17173cdn.com/7m10xk/YWxqaGBf/2017/11/20/151114268020959.html]
[i3.17173cdn.com/7m10xk/YWxqaGBf/2017/11/20/151114271213807.html]
[i3.17173cdn.com/7m10xk/YWxqaGBf/2017/11/20/151114272615896.html]
[i2.17173cdn.com/7m10xk/YWxqaGBf/2017/11/20/151114274644271.html]
[i3.17173cdn.com/7m10xk/YWxqaGBf/2017/11/20/151114277265162.html]
[i2.17173cdn.com/7m10xk/YWxqaGBf/2017/11/20/151114279244488.html]
[i1.17173cdn.com/7m10xk/YWxqaGBf/2017/11/20/151114280886479.html]
[i1.17173cdn.com/7m10xk/YWxqaGBf/2017/08/21/150330290680882.html]
[mdc.17173.com/lists/78.html]
[mdc.17173.com/lists/79.html]
[mdc.17173.com/lists/80.html]
[mdc.17173.com/lists/81.html]
[mdc.17173.com/lists/82.html]
[mdc.17173.com/lists/83.html]
[i1.17173cdn.com/7m10xk/YWxqaGBf/2017/12/05/151243898036721.html]
[i1.17173cdn.com/7m10xk/YWxqaGBf/2017/12/06/151254513415129.html]
[i3.17173cdn.com/7m10xk/YWxqaGBf/2017/11/17/151090201379647.html]
[i3.17173cdn.com/7m10xk/YWxqaGBf/2017/12/11/151298311768544.html]
[i3.17173cdn.com/7m10xk/YWxqaGBf/2017/12/11/151298296926403.html]
[i2.17173cdn.com/7m10xk/YWxqaGBf/2017/12/11/151298319163990.html]
[i2.17173cdn.com/7m10xk/YWxqaGBf/2017/12/11/151298332048860.html]
[i3.17173cdn.com/7m10xk/YWxqaGBf/2017/12/11/151298337583457.html]
[i3.17173cdn.com/7m10xk/YWxqaGBf/2017/12/11/151298346169567.html]
[i1.17173cdn.com/7m10xk/YWxqaGBf/2017/12/11/151298349884104.html]
[i2.17173cdn.com/7m10xk/YWxqaGBf/2017/12/11/151298353727699.html]
[i2.17173cdn.com/7m10xk/YWxqaGBf/2017/12/11/151298357670025.html]
[i1.17173cdn.com/7m10xk/YWxqaGBf/2017/12/11/151298365250230.html]
[i3.17173cdn.com/7m10xk/YWxqaGBf/2017/12/11/151298369595167.html]
[i2.17173cdn.com/7m10xk/YWxqaGBf/2017/12/11/151298375351176.html]
[i3.17173cdn.com/7m10xk/YWxqaGBf/2017/12/11/151298380113830.html]
[i2.17173cdn.com/7m10xk/YWxqaGBf/2017/12/11/151298383735946.html]
[i3.17173cdn.com/7m10xk/YWxqaGBf/2017/12/11/151298386990987.html]
[i2.17173cdn.com/7m10xk/YWxqaGBf/2017/12/11/151298391683241.html]
[i3.17173cdn.com/7m10xk/YWxqaGBf/2017/12/11/151298395216563.html]
[i1.17173cdn.com/7m10xk/YWxqaGBf/2017/12/11/151298405962754.html]
[i3.17173cdn.com/7m10xk/YWxqaGBf/2017/12/11/151298409418149.html]
[i1.17173cdn.com/7m10xk/YWxqaGBf/2017/12/06/151255556289112.html]
[imgcache.qq.com/tencentvideo_v1/playerv3/TPoutafa9.html]
[i1.17173cdn.com/7m10xk/YWxqaGBf/2017/12/06/151255682859196.html]
[i1.17173cdn.com/7m10xk/YWxqaGBf/2017/12/10/151287072091829.html]
[i2.17173cdn.com/7m10xk/YWxqaGBf/2017/12/10/151287075595505.html]
[i2.17173cdn.com/7m10xk/YWxqaGBf/2017/12/10/151287079652416.html]
[i1.17173cdn.com/7m10xk/YWxqaGBf/2017/12/10/151287082358525.html]
[i2.17173cdn.com/7m10xk/YWxqaGBf/2017/12/10/151287084662072.html]
[i1.17173cdn.com/7m10xk/YWxqaGBf/2017/12/10/151287088477547.html]
[i1.17173cdn.com/7m10xk/YWxqaGBf/2017/12/10/151287090589490.html]
[i2.17173cdn.com/7m10xk/YWxqaGBf/2017/12/10/151287095891595.html]
[i2.17173cdn.com/7m10xk/YWxqaGBf/2017/12/10/151287101451965.html]
[mdc.17173.com/lists/42.html]
[mdc.17173.com/lists/43.html]
[mdc.17173.com/lists/44.html]
[mdc.17173.com/lists/45.html]
[mdc.17173.com/lists/46.html]
[mdc.17173.com/lists/47.html]
[mdc.17173.com/article/info-6152.html]
[mdc.17173.com/article/info-6154.html]
[i2.17173cdn.com/7m10xk/YWxqaGBf/2017/05/11/149443900845011.html]
[i3.17173cdn.com/7m10xk/YWxqaGBf/2017/05/11/149446223344254.html]
[mdc.17173.com/lists/48.html]
[mdc.17173.com/lists/49.html]
[mdc.17173.com/lists/50.html]
[mdc.17173.com/lists/51.html]
[mdc.17173.com/lists/52.html]
[mdc.17173.com/lists/53.html]
[i3.17173cdn.com/7m10xk/YWxqaGBf/2017/06/08/149693008363084.html]
[i2.17173cdn.com/7m10xk/YWxqaGBf/2017/06/01/149631465031486.html]
[i1.17173cdn.com/7m10xk/YWxqaGBf/2017/06/01/149631444632661.html]
[i2.17173cdn.com/7m10xk/YWxqaGBf/2017/06/04/149657962597263.html]
[i3.17173cdn.com/7m10xk/YWxqaGBf/2017/06/04/149657963436108.html]
[i1.17173cdn.com/7m10xk/YWxqaGBf/2017/06/04/149657964264117.html]
[i1.17173cdn.com/7m10xk/YWxqaGBf/2017/06/04/149657964932677.html]
[i3.17173cdn.com/7m10xk/YWxqaGBf/2017/06/04/149657965856658.html]
[i2.17173cdn.com/7m10xk/YWxqaGBf/2017/06/04/149657966727469.html]
[i3.17173cdn.com/7m10xk/YWxqaGBf/2017/06/03/149648209474373.html]
[mdc.17173.com/lists/54.html]
[mdc.17173.com/lists/55.html]
[mdc.17173.com/lists/56.html]
[mdc.17173.com/lists/57.html]
[mdc.17173.com/lists/58.html]
[mdc.17173.com/lists/59.html]
[i1.17173cdn.com/7m10xk/YWxqaGBf/2017/07/04/149917774995570.html]
[i2.17173cdn.com/7m10xk/YWxqaGBf/2017/07/04/149917755576731.html]
[i3.17173cdn.com/7m10xk/YWxqaGBf/2017/07/04/149917783252138.html]
[i1.17173cdn.com/7m10xk/YWxqaGBf/2017/07/10/149968259215439.html]
[i1.17173cdn.com/7m10xk/YWxqaGBf/2017/07/10/149968259378158.html]
[i2.17173cdn.com/7m10xk/YWxqaGBf/2017/07/10/149968259323976.html]
[i3.17173cdn.com/7m10xk/YWxqaGBf/2017/07/10/149968259425956.html]
[i1.17173cdn.com/7m10xk/YWxqaGBf/2017/07/10/149968259446662.html]
[i3.17173cdn.com/7m10xk/YWxqaGBf/2017/07/10/149968259412568.html]
[i2.17173cdn.com/7m10xk/YWxqaGBf/2017/07/10/149968259573668.html]
[mdc.17173.com/lists/60.html]
[mdc.17173.com/lists/61.html]
[mdc.17173.com/lists/62.html]
[mdc.17173.com/lists/63.html]
[mdc.17173.com/lists/64.html]
[mdc.17173.com/lists/65.html]
[i2.17173cdn.com/7m10xk/YWxqaGBf/2017/07/31/150146878870618.html]
[i3.17173cdn.com/7m10xk/YWxqaGBf/2017/07/31/150143127122986.html]
[i3.17173cdn.com/7m10xk/YWxqaGBf/2017/08/21/150330699492335.html]
[i1.17173cdn.com/7m10xk/YWxqaGBf/2017/08/02/150163655887163.html]
[static.hdslb.com/miniloader.html]
[imgcache.qq.com/tencentvideo_v1/playerv3/TPout9bce.html]
[i1.17173cdn.com/7m10xk/YWxqaGBf/2017/08/01/150157661244755.html]
[i1.17173cdn.com/7m10xk/YWxqaGBf/2017/08/01/150157663015164.html]
[i3.17173cdn.com/7m10xk/YWxqaGBf/2017/08/01/150157505482965.html]
[i2.17173cdn.com/7m10xk/YWxqaGBf/2017/08/01/150157507130091.html]
[i3.17173cdn.com/7m10xk/YWxqaGBf/2017/08/01/150157579387058.html]
[i3.17173cdn.com/7m10xk/YWxqaGBf/2017/08/01/150157581651002.html]
[i3.17173cdn.com/7m10xk/YWxqaGBf/2017/08/01/150157583825516.html]
[i3.17173cdn.com/7m10xk/YWxqaGBf/2017/08/01/150157586015196.html]
[i1.17173cdn.com/7m10xk/YWxqaGBf/2017/08/01/150157687294611.html]
[i1.17173cdn.com/7m10xk/YWxqaGBf/2017/08/01/150157592374556.html]
[i3.17173cdn.com/7m10xk/YWxqaGBf/2017/08/01/150157603716282.html]
[i1.17173cdn.com/7m10xk/YWxqaGBf/2017/08/01/150157611276569.html]
[i2.17173cdn.com/7m10xk/YWxqaGBf/2017/08/01/150157620346098.html]
[i3.17173cdn.com/7m10xk/YWxqaGBf/2017/08/01/150157694860976.html]
[i1.17173cdn.com/7m10xk/YWxqaGBf/2017/08/01/150157625691928.html]
[i2.17173cdn.com/7m10xk/YWxqaGBf/2017/08/01/150157697620166.html]
[i3.17173cdn.com/7m10xk/YWxqaGBf/2017/08/01/150157628589337.html]
[i2.17173cdn.com/7m10xk/YWxqaGBf/2017/08/01/150157629479427.html]
[mdc.17173.com/lists/30.html]
[mdc.17173.com/lists/31.html]
[mdc.17173.com/lists/32.html]
[mdc.17173.com/lists/33.html]
[mdc.17173.com/lists/34.html]
[mdc.17173.com/lists/35.html]
[mdc.17173.com/article/info-5501.html]
[i2.17173cdn.com/7m10xk/YWxqaGBf/2016/11/27/148019128956067.html]
[i3.17173cdn.com/7m10xk/YWxqaGBf/2016/11/27/148019020186992.html]
[i3.17173cdn.com/7m10xk/YWxqaGBf/2016/11/27/148019144073473.html]
[i2.17173cdn.com/7m10xk/YWxqaGBf/2016/11/27/148025157824999.html]
[i3.17173cdn.com/7m10xk/YWxqaGBf/2016/11/29/148041345478188.html]
[i1.17173cdn.com/7m10xk/YWxqaGBf/2016/11/29/148041305022808.html]
[i2.17173cdn.com/7m10xk/YWxqaGBf/2016/11/28/148032813216958.html]
[i3.17173cdn.com/7m10xk/YWxqaGBf/2016/11/28/148032812386117.html]
[i1.17173cdn.com/7m10xk/YWxqaGBf/2016/11/28/148032811664507.html]
[i2.17173cdn.com/7m10xk/YWxqaGBf/2016/11/28/148032810763257.html]
[i1.17173cdn.com/7m10xk/YWxqaGBf/2016/11/28/148032809916239.html]
[mdc.17173.com/lists/36.html]
[mdc.17173.com/lists/37.html]
[mdc.17173.com/lists/38.html]
[mdc.17173.com/lists/39.html]
[mdc.17173.com/lists/40.html]
[mdc.17173.com/lists/41.html]
[i2.17173cdn.com/7m10xk/YWxqaGBf/2016/12/08/148121007444357.html]
[i2.17173cdn.com/7m10xk/YWxqaGBf/2016/12/08/148120352382754.html]
[i2.17173cdn.com/7m10xk/YWxqaGBf/2016/12/08/148121145889431.html]
[i3.17173cdn.com/7m10xk/YWxqaGBf/2016/12/08/148120039317107.html]
[i3.17173cdn.com/7m10xk/YWxqaGBf/2016/12/11/148143656765245.html]
[i1.17173cdn.com/7m10xk/YWxqaGBf/2016/12/11/148143594725518.html]
[i1.17173cdn.com/7m10xk/YWxqaGBf/2016/12/11/148143351714958.html]
[i2.17173cdn.com/7m10xk/YWxqaGBf/2016/12/11/148143352942561.html]
[i3.17173cdn.com/7m10xk/YWxqaGBf/2016/12/11/148143355621703.html]
[i2.17173cdn.com/7m10xk/YWxqaGBf/2016/12/11/148143357438711.html]
[i1.17173cdn.com/7m10xk/YWxqaGBf/2016/06/24/146673790784923.html]
[i2.17173cdn.com/7m10xk/YWxqaGBf/2016/06/24/146673791912979.html]
[mdc.17173.com/lists/6.html]
[mdc.17173.com/lists/7.html]
[mdc.17173.com/lists/8.html]
[mdc.17173.com/lists/9.html]
[mdc.17173.com/lists/10.html]
[mdc.17173.com/lists/11.html]
[i1.17173cdn.com/7m10xk/YWxqaGBf/2016/06/23/146668163386191.html]
[i3.17173cdn.com/7m10xk/YWxqaGBf/2016/06/30/146727422459120.html]
[i3.17173cdn.com/7m10xk/YWxqaGBf/2016/06/24/146676983928118.html]
[i3.17173cdn.com/7m10xk/YWxqaGBf/2016/06/30/146727416151496.html]
[i2.17173cdn.com/7m10xk/YWxqaGBf/2016/06/24/146675524590021.html]
[i2.17173cdn.com/7m10xk/YWxqaGBf/2016/06/24/146675526443155.html]
[mdc.17173.com/lists/12.html]
[mdc.17173.com/lists/13.html]
[mdc.17173.com/lists/14.html]
[mdc.17173.com/lists/15.html]
[mdc.17173.com/lists/16.html]
[mdc.17173.com/lists/17.html]
[i1.17173cdn.com/7m10xk/YWxqaGBf/2016/07/13/146834743943641.html]
[i3.17173cdn.com/7m10xk/YWxqaGBf/2016/07/21/146903264679774.html]
[d24wuq6o951i2g.cloudfront.net/img/events/id/256/2564080/assets/1ee.MAP_GZ.html]
[cdn5.shendeng.17173.com/shendeng/GameHall/test/mdgz 2.6.html]
[i2.17173cdn.com/7m10xk/YWxqaGBf/2016/07/21/146908508883787.html]
[i1.17173cdn.com/7m10xk/YWxqaGBf/2016/07/21/146908555879877.html]
[i1.17173cdn.com/7m10xk/YWxqaGBf/2016/07/21/146908584042817.html]
[i2.17173cdn.com/7m10xk/YWxqaGBf/2016/07/21/146908584059354.html]
[i1.17173cdn.com/7m10xk/YWxqaGBf/2016/07/21/146908584064200.html]
[i1.17173cdn.com/7m10xk/YWxqaGBf/2016/07/21/146908584012103.html]
[i2.17173cdn.com/7m10xk/YWxqaGBf/2016/07/21/146908584074305.html]
[i2.17173cdn.com/7m10xk/YWxqaGBf/2016/07/21/146908584023658.html]
[i1.17173cdn.com/7m10xk/YWxqaGBf/2016/07/21/146908584013275.html]
[i3.17173cdn.com/7m10xk/YWxqaGBf/2016/07/21/146908584017540.html]
[i2.17173cdn.com/7m10xk/YWxqaGBf/2016/07/21/146908584078782.html]
[i2.17173cdn.com/7m10xk/YWxqaGBf/2016/07/21/146908584012562.html]
[i3.17173cdn.com/7m10xk/YWxqaGBf/2016/07/21/146908584084502.html]
[i2.17173cdn.com/7m10xk/YWxqaGBf/2016/07/21/146908584023571.html]
[i1.17173cdn.com/7m10xk/YWxqaGBf/2016/07/21/146908584186093.html]
[i2.17173cdn.com/7m10xk/YWxqaGBf/2016/07/21/146908584169702.html]
[i2.17173cdn.com/7m10xk/YWxqaGBf/2016/07/21/146908584114433.html]
[i1.17173cdn.com/7m10xk/YWxqaGBf/2016/07/21/146908584149928.html]
[i2.17173cdn.com/7m10xk/YWxqaGBf/2016/07/21/146908584159530.html]
[i3.17173cdn.com/7m10xk/YWxqaGBf/2016/07/21/146908584166795.html]
[i3.17173cdn.com/7m10xk/YWxqaGBf/2016/07/21/146908584120988.html]
[i3.17173cdn.com/7m10xk/YWxqaGBf/2016/07/21/146908584156724.html]
[i1.17173cdn.com/7m10xk/YWxqaGBf/2016/07/21/146908584181150.html]
[i2.17173cdn.com/7m10xk/YWxqaGBf/2016/07/21/146908584124778.html]
[i3.17173cdn.com/7m10xk/YWxqaGBf/2016/07/27/146960916045154.html]
[i3.17173cdn.com/7m10xk/YWxqaGBf/2016/07/27/146960921347594.html]
[mdc.17173.com/lists/18.html]
[mdc.17173.com/lists/19.html]
[mdc.17173.com/lists/20.html]
[mdc.17173.com/lists/21.html]
[mdc.17173.com/lists/22.html]
[mdc.17173.com/lists/23.html]
[i3.17173cdn.com/7m10xk/YWxqaGBf/2016/08/22/147179754238629.html]
[i1.17173cdn.com/7m10xk/YWxqaGBf/2016/08/02/147013674458014.html]
[i3.17173cdn.com/7m10xk/YWxqaGBf/2016/08/02/147013303516854.html]
[i2.17173cdn.com/7m10xk/YWxqaGBf/2016/08/02/147013431549311.html]
[i3.17173cdn.com/7m10xk/YWxqaGBf/2016/08/02/147013432062343.html]
[i3.17173cdn.com/7m10xk/YWxqaGBf/2016/08/02/147013432560581.html]
[i1.17173cdn.com/7m10xk/YWxqaGBf/2016/08/02/147013433047192.html]
[i2.17173cdn.com/7m10xk/YWxqaGBf/2016/08/02/147013433743606.html]
[i1.17173cdn.com/7m10xk/YWxqaGBf/2016/08/02/147013434145167.html]
[i1.17173cdn.com/7m10xk/YWxqaGBf/2016/08/02/147013434616433.html]
[i3.17173cdn.com/7m10xk/YWxqaGBf/2016/08/02/147013435587856.html]
[i2.17173cdn.com/7m10xk/YWxqaGBf/2016/08/02/147013435990692.html]
[i3.17173cdn.com/7m10xk/YWxqaGBf/2016/08/02/147013436648811.html]
[i3.17173cdn.com/7m10xk/YWxqaGBf/2016/08/02/147013437183525.html]
[i1.17173cdn.com/7m10xk/YWxqaGBf/2016/08/02/147013438383476.html]
[i1.17173cdn.com/7m10xk/YWxqaGBf/2016/08/02/147013438764407.html]
[i2.17173cdn.com/7m10xk/YWxqaGBf/2016/08/02/147013439463139.html]
[i1.17173cdn.com/7m10xk/YWxqaGBf/2016/08/02/147013439824308.html]
[i3.17173cdn.com/7m10xk/YWxqaGBf/2016/08/02/147013440233573.html]
[i3.17173cdn.com/7m10xk/YWxqaGBf/2016/08/02/147013440975425.html]
[i1.17173cdn.com/7m10xk/YWxqaGBf/2016/08/02/147013441386108.html]
[i2.17173cdn.com/7m10xk/YWxqaGBf/2016/08/02/147013441710952.html]
[i1.17173cdn.com/7m10xk/YWxqaGBf/2016/08/02/147013442172486.html]
[i2.17173cdn.com/7m10xk/YWxqaGBf/2016/08/01/147004816711759.html]
[i3.17173cdn.com/7m10xk/YWxqaGBf/2016/08/01/147004822298516.html]
[mdc.17173.com/lists/24.html]
[mdc.17173.com/lists/25.html]
[mdc.17173.com/lists/26.html]
[mdc.17173.com/lists/27.html]
[mdc.17173.com/lists/28.html]
[mdc.17173.com/lists/29.html]
[i3.17173cdn.com/7m10xk/YWxqaGBf/2016/08/22/147185563469749.html]
[i2.17173cdn.com/7m10xk/YWxqaGBf/2016/08/22/147184624032688.html]
[ssl.captcha.qq.com/TCaptcha.html]
[mdc.17173.com/static/js/jquery.plugins/jquery-ui/images/ui-bg_highlight-soft_100_eeeeee_1x100.html]
[mdc.17173.com/static/js/jquery.plugins/jquery-ui/images/ui-bg_gloss-wave_35_f6a828_500x100.html]
[mdc.17173.com/static/js/jquery.plugins/jquery-ui/images/ui-bg_glass_100_f6f6f6_1x400.html]
[mdc.17173.com/static/js/jquery.plugins/jquery-ui/images/ui-bg_glass_100_fdf5ce_1x400.html]
[mdc.17173.com/static/js/jquery.plugins/jquery-ui/images/ui-bg_glass_65_ffffff_1x400.html]
[mdc.17173.com/static/js/jquery.plugins/jquery-ui/images/ui-bg_highlight-soft_75_ffe45c_1x100.html]
[mdc.17173.com/static/js/jquery.plugins/jquery-ui/images/ui-bg_diagonals-thick_18_b81900_40x40.html]
[mdc.17173.com/static/js/jquery.plugins/jquery-ui/images/ui-icons_222222_256x240.html]
[mdc.17173.com/static/js/jquery.plugins/jquery-ui/images/ui-icons_ffffff_256x240.html]
[mdc.17173.com/static/js/jquery.plugins/jquery-ui/images/ui-icons_ef8c08_256x240.html]
[mdc.17173.com/static/js/jquery.plugins/jquery-ui/images/ui-icons_228ef1_256x240.html]
[mdc.17173.com/static/js/jquery.plugins/jquery-ui/images/ui-icons_ffd27a_256x240.html]
[mdc.17173.com/static/js/jquery.plugins/jquery-ui/images/ui-bg_diagonals-thick_20_666666_40x40.html]
[mdc.17173.com/static/js/jquery.plugins/jquery-ui/images/ui-bg_flat_10_000000_40x100.html]
